Log file open, 01/03/17 12:56:00
LogInit:Display: Running engine for game: VRReal
LogPlatformFile: Not using cached read wrapper
LogInit:Display: RandInit(2004641911) SRandInit(2004641911).
LogTaskGraph: Started task graph with 5 named threads and 6 total threads with 1 sets of task threads.
LogStats: Stats thread started at 0.780514
LogPluginManager: Loaded Plugin Paper2D, From C:/Program Files (x86)/Epic Games/4.14/Engine/Plugins/2D/Paper2D/Paper2D.uplugin
LogPluginManager: Loaded Plugin LightPropagationVolume, From C:/Program Files (x86)/Epic Games/4.14/Engine/Plugins/Blendables/LightPropagationVolume/LightPropagationVolume.uplugin
LogPluginManager: Loaded Plugin BlankPlugin, From C:/Program Files (x86)/Epic Games/4.14/Engine/Plugins/Developer/BlankPlugin/BlankPlugin.uplugin
LogPluginManager: Loaded Plugin CodeLiteSourceCodeAccess, From C:/Program Files (x86)/Epic Games/4.14/Engine/Plugins/Developer/CodeLiteSourceCodeAccess/CodeLiteSourceCodeAccess.uplugin
LogPluginManager: Loaded Plugin GitSourceControl, From C:/Program Files (x86)/Epic Games/4.14/Engine/Plugins/Developer/GitSourceControl/GitSourceControl.uplugin
LogPluginManager: Loaded Plugin KDevelopSourceCodeAccess, From C:/Program Files (x86)/Epic Games/4.14/Engine/Plugins/Developer/KDevelopSourceCodeAccess/KDevelopSourceCodeAccess.uplugin
LogPluginManager: Loaded Plugin NullSourceCodeAccess, From C:/Program Files (x86)/Epic Games/4.14/Engine/Plugins/Developer/NullSourceCodeAccess/NullSourceCodeAccess.uplugin
LogPluginManager: Loaded Plugin OneSkyLocalizationService, From C:/Program Files (x86)/Epic Games/4.14/Engine/Plugins/Developer/OneSkyLocalizationService/OneSkyLocalizationService.uplugin
LogPluginManager: Loaded Plugin PerforceSourceControl, From C:/Program Files (x86)/Epic Games/4.14/Engine/Plugins/Developer/PerforceSourceControl/PerforceSourceControl.uplugin
LogPluginManager: Loaded Plugin SubversionSourceControl, From C:/Program Files (x86)/Epic Games/4.14/Engine/Plugins/Developer/SubversionSourceControl/SubversionSourceControl.uplugin
LogPluginManager: Loaded Plugin UObjectPlugin, From C:/Program Files (x86)/Epic Games/4.14/Engine/Plugins/Developer/UObjectPlugin/UObjectPlugin.uplugin
LogPluginManager: Loaded Plugin VisualStudioSourceCodeAccess, From C:/Program Files (x86)/Epic Games/4.14/Engine/Plugins/Developer/VisualStudioSourceCodeAccess/VisualStudioSourceCodeAccess.uplugin
LogPluginManager: Loaded Plugin XCodeSourceCodeAccess, From C:/Program Files (x86)/Epic Games/4.14/Engine/Plugins/Developer/XCodeSourceCodeAccess/XCodeSourceCodeAccess.uplugin
LogPluginManager: Loaded Plugin AudioCapture, From C:/Program Files (x86)/Epic Games/4.14/Engine/Plugins/Editor/AudioCapture/AudioCapture.uplugin
LogPluginManager: Loaded Plugin EpicSurvey, From C:/Program Files (x86)/Epic Games/4.14/Engine/Plugins/Editor/EpicSurvey/EpicSurvey.uplugin
LogPluginManager: Loaded Plugin MacGraphicsSwitching, From C:/Program Files (x86)/Epic Games/4.14/Engine/Plugins/Editor/MacGraphicsSwitching/MacGraphicsSwitching.uplugin
LogPluginManager: Loaded Plugin MobileLauncherProfileWizard, From C:/Program Files (x86)/Epic Games/4.14/Engine/Plugins/Editor/MobileLauncherProfileWizard/MobileLauncherProfileWizard.uplugin
LogPluginManager: Loaded Plugin PluginBrowser, From C:/Program Files (x86)/Epic Games/4.14/Engine/Plugins/Editor/PluginBrowser/PluginBrowser.uplugin
LogPluginManager: Loaded Plugin SpeedTreeImporter, From C:/Program Files (x86)/Epic Games/4.14/Engine/Plugins/Editor/SpeedTreeImporter/SpeedTreeImporter.uplugin
LogPluginManager: Loaded Plugin SuperSearchEditor, From C:/Program Files (x86)/Epic Games/4.14/Engine/Plugins/Editor/SuperSearchEditor/SuperSearchEditor.uplugin
LogPluginManager: Loaded Plugin AlembicImporter, From C:/Program Files (x86)/Epic Games/4.14/Engine/Plugins/Experimental/AlembicImporter/AlembicImporter.uplugin
LogPluginManager: Loaded Plugin BlueprintStats, From C:/Program Files (x86)/Epic Games/4.14/Engine/Plugins/Experimental/BlueprintStats/BlueprintStats.uplugin
LogPluginManager: Loaded Plugin CharacterAI, From C:/Program Files (x86)/Epic Games/4.14/Engine/Plugins/Experimental/CharacterAI/CharacterAI.uplugin
LogPluginManager: Loaded Plugin CodeEditor, From C:/Program Files (x86)/Epic Games/4.14/Engine/Plugins/Experimental/CodeEditor/CodeEditor.uplugin
LogPluginManager: Loaded Plugin CodeView, From C:/Program Files (x86)/Epic Games/4.14/Engine/Plugins/Experimental/CodeView/CodeView.uplugin
LogPluginManager: Loaded Plugin HTML5Networking, From C:/Program Files (x86)/Epic Games/4.14/Engine/Plugins/Experimental/HTML5Networking/HTML5Networking.uplugin
LogPluginManager: Loaded Plugin OSVR, From C:/Program Files (x86)/Epic Games/4.14/Engine/Plugins/Experimental/OSVR/OSVR.uplugin
LogPluginManager: Loaded Plugin Phya, From C:/Program Files (x86)/Epic Games/4.14/Engine/Plugins/Experimental/Phya/Phya.uplugin
LogPluginManager: Loaded Plugin SignificanceManager, From C:/Program Files (x86)/Epic Games/4.14/Engine/Plugins/Experimental/SignificanceManager/SignificanceManager.uplugin
LogPluginManager: Loaded Plugin SimpleHMD, From C:/Program Files (x86)/Epic Games/4.14/Engine/Plugins/Experimental/SimpleHMD/SimpleHMD.uplugin
LogPluginManager: Loaded Plugin StereoPanorama, From C:/Program Files (x86)/Epic Games/4.14/Engine/Plugins/Experimental/StereoPanorama/StereoPanorama.uplugin
LogPluginManager: Loaded Plugin StructBox, From C:/Program Files (x86)/Epic Games/4.14/Engine/Plugins/Experimental/StructBox/StructBox.uplugin
LogPluginManager: Loaded Plugin AndroidMedia, From C:/Program Files (x86)/Epic Games/4.14/Engine/Plugins/Media/AndroidMedia/AndroidMedia.uplugin
LogPluginManager: Loaded Plugin AvfMedia, From C:/Program Files (x86)/Epic Games/4.14/Engine/Plugins/Media/AvfMedia/AvfMedia.uplugin
LogPluginManager: Loaded Plugin MediaPlayerEditor, From C:/Program Files (x86)/Epic Games/4.14/Engine/Plugins/Media/MediaPlayerEditor/MediaPlayerEditor.uplugin
LogPluginManager: Loaded Plugin WmfMedia, From C:/Program Files (x86)/Epic Games/4.14/Engine/Plugins/Media/WmfMedia/WmfMedia.uplugin
LogPluginManager: Loaded Plugin MessagingDebugger, From C:/Program Files (x86)/Epic Games/4.14/Engine/Plugins/Messaging/MessagingDebugger/MessagingDebugger.uplugin
LogPluginManager: Loaded Plugin TcpMessaging, From C:/Program Files (x86)/Epic Games/4.14/Engine/Plugins/Messaging/TcpMessaging/TcpMessaging.uplugin
LogPluginManager: Loaded Plugin UdpMessaging, From C:/Program Files (x86)/Epic Games/4.14/Engine/Plugins/Messaging/UdpMessaging/UdpMessaging.uplugin
LogPluginManager: Loaded Plugin LevelSequenceEditor, From C:/Program Files (x86)/Epic Games/4.14/Engine/Plugins/MovieScene/LevelSequenceEditor/LevelSequenceEditor.uplugin
LogPluginManager: Loaded Plugin MatineeToLevelSequence, From C:/Program Files (x86)/Epic Games/4.14/Engine/Plugins/MovieScene/MatineeToLevelSequence/MatineeToLevelSequence.uplugin
LogPluginManager: Loaded Plugin NetcodeUnitTest, From C:/Program Files (x86)/Epic Games/4.14/Engine/Plugins/NetcodeUnitTest/NetcodeUnitTest/NetcodeUnitTest.uplugin
LogPluginManager: Loaded Plugin NUTUnrealEngine4, From C:/Program Files (x86)/Epic Games/4.14/Engine/Plugins/NetcodeUnitTest/NUTUnrealEngine4/NUTUnrealEngine4.uplugin
LogPluginManager: Loaded Plugin OnlineSubsystemGameCircle, From C:/Program Files (x86)/Epic Games/4.14/Engine/Plugins/Online/Android/OnlineSubsystemGameCircle/OnlineSubsystemGameCircle.uplugin
LogPluginManager: Loaded Plugin OnlineSubsystemGooglePlay, From C:/Program Files (x86)/Epic Games/4.14/Engine/Plugins/Online/Android/OnlineSubsystemGooglePlay/OnlineSubsystemGooglePlay.uplugin
LogPluginManager: Loaded Plugin OnlineSubsystemIOS, From C:/Program Files (x86)/Epic Games/4.14/Engine/Plugins/Online/IOS/OnlineSubsystemIOS/OnlineSubsystemIOS.uplugin
LogPluginManager: Loaded Plugin OnlineFramework, From C:/Program Files (x86)/Epic Games/4.14/Engine/Plugins/Online/OnlineFramework/OnlineFramework.uplugin
LogPluginManager: Loaded Plugin OnlineSubsystem, From C:/Program Files (x86)/Epic Games/4.14/Engine/Plugins/Online/OnlineSubsystem/OnlineSubsystem.uplugin
LogPluginManager: Loaded Plugin OnlineSubsystemAmazon, From C:/Program Files (x86)/Epic Games/4.14/Engine/Plugins/Online/OnlineSubsystemAmazon/OnlineSubsystemAmazon.uplugin
LogPluginManager: Loaded Plugin OnlineSubsystemFacebook, From C:/Program Files (x86)/Epic Games/4.14/Engine/Plugins/Online/OnlineSubsystemFacebook/OnlineSubsystemFacebook.uplugin
LogPluginManager: Loaded Plugin OnlineSubsystemNull, From C:/Program Files (x86)/Epic Games/4.14/Engine/Plugins/Online/OnlineSubsystemNull/OnlineSubsystemNull.uplugin
LogPluginManager: Loaded Plugin OnlineSubsystemOculus, From C:/Program Files (x86)/Epic Games/4.14/Engine/Plugins/Online/OnlineSubsystemOculus/OnlineSubsystemOculus.uplugin
LogPluginManager: Loaded Plugin OnlineSubsystemSteam, From C:/Program Files (x86)/Epic Games/4.14/Engine/Plugins/Online/OnlineSubsystemSteam/OnlineSubsystemSteam.uplugin
LogPluginManager: Loaded Plugin OnlineSubsystemUtils, From C:/Program Files (x86)/Epic Games/4.14/Engine/Plugins/Online/OnlineSubsystemUtils/OnlineSubsystemUtils.uplugin
LogPluginManager: Loaded Plugin IOSTapJoy, From C:/Program Files (x86)/Epic Games/4.14/Engine/Plugins/Runtime/Advertising/IOSTapJoy/IOSTapJoy.uplugin
LogPluginManager: Loaded Plugin AnalyticsBlueprintLibrary, From C:/Program Files (x86)/Epic Games/4.14/Engine/Plugins/Runtime/Analytics/AnalyticsBlueprintLibrary/AnalyticsBlueprintLibrary.uplugin
LogPluginManager: Loaded Plugin AnalyticsMulticast, From C:/Program Files (x86)/Epic Games/4.14/Engine/Plugins/Runtime/Analytics/AnalyticsMulticast/AnalyticsMulticast.uplugin
LogPluginManager: Loaded Plugin Apsalar, From C:/Program Files (x86)/Epic Games/4.14/Engine/Plugins/Runtime/Analytics/Apsalar/Apsalar.uplugin
LogPluginManager: Loaded Plugin FileLogging, From C:/Program Files (x86)/Epic Games/4.14/Engine/Plugins/Runtime/Analytics/FileLogging/FileLogging.uplugin
LogPluginManager: Loaded Plugin Flurry, From C:/Program Files (x86)/Epic Games/4.14/Engine/Plugins/Runtime/Analytics/Flurry/Flurry.uplugin
LogPluginManager: Loaded Plugin AndroidDeviceProfileSelector, From C:/Program Files (x86)/Epic Games/4.14/Engine/Plugins/Runtime/AndroidDeviceProfileSelector/AndroidDeviceProfileSelector.uplugin
LogPluginManager: Loaded Plugin AndroidMoviePlayer, From C:/Program Files (x86)/Epic Games/4.14/Engine/Plugins/Runtime/AndroidMoviePlayer/AndroidMoviePlayer.uplugin
LogPluginManager: Loaded Plugin AppleMoviePlayer, From C:/Program Files (x86)/Epic Games/4.14/Engine/Plugins/Runtime/AppleMoviePlayer/AppleMoviePlayer.uplugin
LogPluginManager: Loaded Plugin ArchVisCharacter, From C:/Program Files (x86)/Epic Games/4.14/Engine/Plugins/Runtime/ArchVisCharacter/ArchVisCharacter.uplugin
LogPluginManager: Loaded Plugin CableComponent, From C:/Program Files (x86)/Epic Games/4.14/Engine/Plugins/Runtime/CableComponent/CableComponent.uplugin
LogPluginManager: Loaded Plugin CustomMeshComponent, From C:/Program Files (x86)/Epic Games/4.14/Engine/Plugins/Runtime/CustomMeshComponent/CustomMeshComponent.uplugin
LogPluginManager: Loaded Plugin ExampleDeviceProfileSelector, From C:/Program Files (x86)/Epic Games/4.14/Engine/Plugins/Runtime/ExampleDeviceProfileSelector/ExampleDeviceProfileSelector.uplugin
LogPluginManager: Loaded Plugin GearVR, From C:/Program Files (x86)/Epic Games/4.14/Engine/Plugins/Runtime/GearVR/GearVR.uplugin
LogPluginManager: Loaded Plugin GoogleVRController, From C:/Program Files (x86)/Epic Games/4.14/Engine/Plugins/Runtime/GoogleVR/GoogleVRController/GoogleVRController.uplugin
LogPluginManager: Loaded Plugin GoogleVRHMD, From C:/Program Files (x86)/Epic Games/4.14/Engine/Plugins/Runtime/GoogleVR/GoogleVRHMD/GoogleVRHMD.uplugin
LogPluginManager: Loaded Plugin IOSDeviceProfileSelector, From C:/Program Files (x86)/Epic Games/4.14/Engine/Plugins/Runtime/IOSDeviceProfileSelector/IOSDeviceProfileSelector.uplugin
LogPluginManager: Loaded Plugin LeapMotion, From C:/Program Files (x86)/Epic Games/4.14/Engine/Plugins/Runtime/LeapMotion/LeapMotion.uplugin
LogPluginManager: Loaded Plugin LinuxDeviceProfileSelector, From C:/Program Files (x86)/Epic Games/4.14/Engine/Plugins/Runtime/LinuxDeviceProfileSelector/LinuxDeviceProfileSelector.uplugin
LogPluginManager: Loaded Plugin MIDIDevice, From C:/Program Files (x86)/Epic Games/4.14/Engine/Plugins/Runtime/MIDIDevice/MIDIDevice.uplugin
LogPluginManager: Loaded Plugin MobilePatchingUtils, From C:/Program Files (x86)/Epic Games/4.14/Engine/Plugins/Runtime/MobilePatchingUtils/MobilePatchingUtils.uplugin
LogPluginManager: Loaded Plugin Ansel, From C:/Program Files (x86)/Epic Games/4.14/Engine/Plugins/Runtime/Nvidia/Ansel/Ansel.uplugin
LogPluginManager: Loaded Plugin OculusAudio, From C:/Program Files (x86)/Epic Games/4.14/Engine/Plugins/Runtime/OculusAudio/OculusAudio.uplugin
LogPluginManager: Loaded Plugin OculusInput, From C:/Program Files (x86)/Epic Games/4.14/Engine/Plugins/Runtime/OculusInput/OculusInput.uplugin
LogPluginManager: Loaded Plugin OculusLibrary, From C:/Program Files (x86)/Epic Games/4.14/Engine/Plugins/Runtime/OculusLibrary/OculusLibrary.uplugin
LogPluginManager: Loaded Plugin OculusRift, From C:/Program Files (x86)/Epic Games/4.14/Engine/Plugins/Runtime/OculusRift/OculusRift.uplugin
LogPluginManager: Loaded Plugin Oodle, From C:/Program Files (x86)/Epic Games/4.14/Engine/Plugins/Runtime/PacketHandlers/CompressionComponents/Oodle/Oodle.uplugin
LogPluginManager: Loaded Plugin ProceduralMeshComponent, From C:/Program Files (x86)/Epic Games/4.14/Engine/Plugins/Runtime/ProceduralMeshComponent/ProceduralMeshComponent.uplugin
LogPluginManager: Loaded Plugin SoundMod, From C:/Program Files (x86)/Epic Games/4.14/Engine/Plugins/Runtime/SoundMod/SoundMod.uplugin
LogPluginManager: Loaded Plugin SoundVisualizations, From C:/Program Files (x86)/Epic Games/4.14/Engine/Plugins/Runtime/SoundVisualizations/SoundVisualizations.uplugin
LogPluginManager: Loaded Plugin SteamController, From C:/Program Files (x86)/Epic Games/4.14/Engine/Plugins/Runtime/Steam/SteamController/SteamController.uplugin
LogPluginManager: Loaded Plugin SteamVR, From C:/Program Files (x86)/Epic Games/4.14/Engine/Plugins/Runtime/Steam/SteamVR/SteamVR.uplugin
LogPluginManager: Loaded Plugin WebBrowserWidget, From C:/Program Files (x86)/Epic Games/4.14/Engine/Plugins/Runtime/WebBrowserWidget/WebBrowserWidget.uplugin
LogPluginManager: Loaded Plugin WindowsDeviceProfileSelector, From C:/Program Files (x86)/Epic Games/4.14/Engine/Plugins/Runtime/WindowsDeviceProfileSelector/WindowsDeviceProfileSelector.uplugin
LogPluginManager: Loaded Plugin WindowsMoviePlayer, From C:/Program Files (x86)/Epic Games/4.14/Engine/Plugins/Runtime/WindowsMoviePlayer/WindowsMoviePlayer.uplugin
LogPluginManager: Loaded Plugin ScriptPlugin, From C:/Program Files (x86)/Epic Games/4.14/Engine/Plugins/ScriptPlugin/ScriptPlugin.uplugin
LogPluginManager: Loaded Plugin SlateRemote, From C:/Program Files (x86)/Epic Games/4.14/Engine/Plugins/Slate/SlateRemote/SlateRemote.uplugin
LogPluginManager: Loaded Plugin EditorTests, From C:/Program Files (x86)/Epic Games/4.14/Engine/Plugins/Tests/EditorTests/EditorTests.uplugin
LogPluginManager: Loaded Plugin FbxAutomationTestBuilder, From C:/Program Files (x86)/Epic Games/4.14/Engine/Plugins/Tests/FbxAutomationTestBuilder/FbxAutomationTestBuilder.uplugin
LogPluginManager: Loaded Plugin FunctionalTestingEditor, From C:/Program Files (x86)/Epic Games/4.14/Engine/Plugins/Tests/FunctionalTestingEditor/FunctionalTestingEditor.uplugin
LogPluginManager: Loaded Plugin RuntimeTests, From C:/Program Files (x86)/Epic Games/4.14/Engine/Plugins/Tests/RuntimeTests/RuntimeTests.uplugin
LogPluginManager: Loaded Plugin ScreenshotTools, From C:/Program Files (x86)/Epic Games/4.14/Engine/Plugins/Tests/ScreenshotTools/ScreenshotTools.uplugin
LogPluginManager: Loaded Plugin VRExpansionPlugin, From C:/navVR/projects/projectweek/VRReal/Plugins/mordentral-vrexpansionplugin-c3213dd8ce1e/VRExpansionPlugin.uplugin
LogInit:Warning: Incompatible or missing module: UE4Editor-VRReal.dll
LogInit:Warning: Incompatible or missing module: UE4Editor-VRExpansionPlugin.dll
Running C:/Program Files (x86)/Epic Games/4.14/Engine/Binaries/DotNET/UnrealBuildTool.exe VRReal Development Win64 -project="C:/navVR/projects/projectweek/VRReal/VRReal.uproject" -editorrecompile -progress -noubtmakefiles -NoHotReloadFromIDE
@progress push 5%
Parsing headers for VRRealEditor
  Running UnrealHeaderTool "C:\navVR\projects\projectweek\VRReal\VRReal.uproject" "C:\navVR\projects\projectweek\VRReal\Intermediate\Build\Win64\VRRealEditor\Development\VRRealEditor.uhtmanifest" -LogCmds="loginit warning, logexit warning, logdatabase error" -Unattended -WarningsAsErrors -installed
Reflection code generated for VRRealEditor in 6.4628004 seconds
@progress pop
Performing 7 actions (2 in parallel)
Module.VRExpansionPlugin.cpp
PCH.VRReal.h.cpp
VRExpansionPlugin.generated.cpp
MyClass.cpp
VRReal.cpp
[6/7] Link UE4Editor-VRExpansionPlugin.dll
   Creating library C:\navVR\projects\projectweek\VRReal\Plugins\mordentral-vrexpansionplugin-c3213dd8ce1e\Intermediate\Build\Win64\UE4Editor\Development\UE4Editor-VRExpansionPlugin.lib and object C:\navVR\projects\projectweek\VRReal\Plugins\mordentral-vrexpansionplugin-c3213dd8ce1e\Intermediate\Build\Win64\UE4Editor\Development\UE4Editor-VRExpansionPlugin.exp
[7/7] Link UE4Editor-VRReal.dll
   Creating library C:\navVR\projects\projectweek\VRReal\Intermediate\Build\Win64\UE4Editor\Development\UE4Editor-VRReal.lib and object C:\navVR\projects\projectweek\VRReal\Intermediate\Build\Win64\UE4Editor\Development\UE4Editor-VRReal.exp
Total build time: 514.12 seconds
LogInit: Using libcurl 7.47.1
LogInit:  - built for x86_64-pc-win32
LogInit:  - supports SSL with OpenSSL/1.0.2g
LogInit:  - supports HTTP deflate (compression) using libz 1.2.8
LogInit:  - other features:
LogInit:      CURL_VERSION_SSL
LogInit:      CURL_VERSION_LIBZ
LogInit:      CURL_VERSION_IPV6
LogInit:      CURL_VERSION_ASYNCHDNS
LogInit:      CURL_VERSION_LARGEFILE
LogInit:      CURL_VERSION_IDN
LogInit:  CurlRequestOptions (configurable via config and command line):
LogInit:  - bVerifyPeer = false  - Libcurl will NOT verify peer certificate
LogInit:  - bUseHttpProxy = false  - Libcurl will NOT use HTTP proxy
LogInit:  - bDontReuseConnections = false  - Libcurl will reuse connections
LogInit:  - CertBundlePath = nullptr  - Libcurl will use whatever was configured at build time.
LogInit: Build: ++UE4+Release-4.14-CL-3224400
LogInit: Engine Version: 4.14.1-3224400+++UE4+Release-4.14
LogInit: Compatible Engine Version: 4.14.0-3195953+++UE4+Release-4.14
LogInit: Net CL: 3195953
LogDevObjectVersion: Number of dev versions registered: 13
LogDevObjectVersion:   Dev-Blueprints (B0D832E4-1F89-4F0D-ACCF-7EB736FD4AA2): 7
LogDevObjectVersion:   Dev-Build (E1C64328-A22C-4D53-A36C-8E866417BD8C): 0
LogDevObjectVersion:   Dev-Core (375EC13C-06E4-48FB-B500-84F0262A717E): 1
LogDevObjectVersion:   Dev-Editor (E4B068ED-F494-42E9-A231-DA0B2E46BB41): 8
LogDevObjectVersion:   Dev-Framework (CFFC743F-43B0-4480-9391-14DF171D2073): 17
LogDevObjectVersion:   Dev-Mobile (B02B49B5-BB20-44E9-A304-32B752E40360): 0
LogDevObjectVersion:   Dev-Networking (A4E4105C-59A1-49B5-A7C5-40C4547EDFEE): 0
LogDevObjectVersion:   Dev-Online (39C831C9-5AE6-47DC-9A44-9C173E1C8E7C): 0
LogDevObjectVersion:   Dev-Physics (78F01B33-EBEA-4F98-B9B4-84EACCB95AA2): 0
LogDevObjectVersion:   Dev-Platform (6631380F-2D4D-43E0-8009-CF276956A95A): 0
LogDevObjectVersion:   Dev-Rendering (12F88B9F-8875-4AFC-A67C-D90C383ABD29): 12
LogDevObjectVersion:   Dev-Sequencer (7B5AE74C-D270-4C10-A958-57980B212A5A): 1
LogDevObjectVersion:   Dev-VR (D7296918-1DD6-4BDD-9DE2-64A83CC13884): 0
LogInit: Compiled (64-bit): Dec  7 2016 02:14:32
LogInit: Compiled with Visual C++: 19.00.23026.00
LogInit: Build Configuration: Development
LogInit: Branch Name: ++UE4+Release-4.14
LogInit: Command line:  
LogInit: Base directory: C:/Program Files (x86)/Epic Games/4.14/Engine/Binaries/Win64/
LogInit: Installed Engine Build: 1
LogInit: Presizing for max 8388607 objects, including 0 objects not considered by GC, pre-allocating 0 bytes for permanent pool.
LogInit: Object subsystem initialized
[2017.01.03-12.04.38:970][  0]LogConsoleManager:Display: Setting the console variable 'r.RHICmdBypass' with 'SetByProjectSetting' was ignored as it is lower priority than the previous 'SetBySystemSettingsIni'
[2017.01.03-12.04.38:975][  0]LogInit: Selected Device Profile: [Windows]
[2017.01.03-12.04.38:975][  0]LogInit: Applying CVar settings loaded from the selected device profile: [Windows]
[2017.01.03-12.04.39:011][  0]LogInit: Computer: DOM-YOGA
[2017.01.03-12.04.39:011][  0]LogInit: User: Dominic
[2017.01.03-12.04.39:011][  0]LogInit: CPU Page size=65536, Cores=2
[2017.01.03-12.04.39:011][  0]LogInit: High frequency timer resolution =2.531251 MHz
[2017.01.03-12.04.39:013][  0]LogMemory: Memory total: Physical=7.9GB (8GB approx)
[2017.01.03-12.04.39:014][  0]LogMemory: Platform Memory Stats for Windows
[2017.01.03-12.04.39:014][  0]LogMemory: Process Physical Memory: 259.13 MB used, 259.13 MB peak
[2017.01.03-12.04.39:014][  0]LogMemory: Process Virtual Memory: 263.16 MB used, 263.16 MB peak
[2017.01.03-12.04.39:014][  0]LogMemory: Physical Memory: 4492.25 MB used,  3605.65 MB free, 8097.91 MB total
[2017.01.03-12.04.39:014][  0]LogMemory: Virtual Memory: 711.60 MB used,  3605.65 MB free, 134217728.00 MB total
[2017.01.03-12.04.39:212][  0]LogTextLocalizationManager: No translations for ('de-CH') exist, falling back to 'en' for localization and internationalization data.
[2017.01.03-12.04.40:289][  0]LogD3D11RHI: D3D11 adapters:
[2017.01.03-12.04.40:301][  0]LogD3D11RHI:    0. 'Intel(R) HD Graphics 520' (Feature Level 11_0)
[2017.01.03-12.04.40:301][  0]LogD3D11RHI:       128/0/4048 MB DedicatedVideo/DedicatedSystem/SharedSystem, Outputs:1, VendorId:0x8086
[2017.01.03-12.04.40:302][  0]LogD3D11RHI:    1. 'Microsoft Basic Render Driver' (Feature Level 11_0)
[2017.01.03-12.04.40:302][  0]LogD3D11RHI:       0/0/4048 MB DedicatedVideo/DedicatedSystem/SharedSystem, Outputs:0, VendorId:0x1414
[2017.01.03-12.04.40:302][  0]LogD3D11RHI: Chosen D3D11 Adapter: 0
[2017.01.03-12.04.40:309][  0]LogD3D11RHI: Creating new Direct3DDevice
[2017.01.03-12.04.40:309][  0]LogD3D11RHI:     GPU DeviceId: 0x1916 (for the marketing name, search the web for "GPU Device Id")
[2017.01.03-12.04.40:309][  0]LogWindows: EnumDisplayDevices:
[2017.01.03-12.04.40:310][  0]LogWindows:    0. 'Intel(R) HD Graphics 520' (P:1 D:1)
[2017.01.03-12.04.40:310][  0]LogWindows:    1. 'Intel(R) HD Graphics 520' (P:0 D:0)
[2017.01.03-12.04.40:310][  0]LogWindows:    2. 'Intel(R) HD Graphics 520' (P:0 D:0)
[2017.01.03-12.04.40:310][  0]LogWindows: DebugString: FoundDriverCount:3 
[2017.01.03-12.04.40:310][  0]LogD3D11RHI:     Adapter Name: Intel(R) HD Graphics 520
[2017.01.03-12.04.40:310][  0]LogD3D11RHI:   Driver Version: 20.19.15.4326 (internal:20.19.15.4326, unified:20.19.15.4326)
[2017.01.03-12.04.40:310][  0]LogD3D11RHI:      Driver Date: 11-18-2015
[2017.01.03-12.04.40:311][  0]LogRHI: Texture pool is 1361 MB (70% of 1945 MB)
[2017.01.03-12.04.40:317][  0]LogD3D11RHI: Async texture creation enabled
[2017.01.03-12.04.40:358][  0]LogD3D11RHI: GPU Timing Frequency: 12.000000 (Debug: 2 0)
[2017.01.03-12.04.40:370][  0]LogShaderCompilers: Guid format shader working directory is -4 characters bigger than the processId version (../../../../../../navVR/projects/projectweek/VRReal/Intermediate/Shaders/WorkingDirectory/10644/).
[2017.01.03-12.04.40:371][  0]LogShaderCompilers: Cleaned the shader compiler working directory 'C:/Users/Dominic/AppData/Local/Temp/UnrealShaderWorkingDir/9FE05DAB4DF8279C0329F597175FC5DA/'.
[2017.01.03-12.04.40:371][  0]LogShaderCompilers:Display: Using Local Shader Compiler.
[2017.01.03-12.04.41:813][  0]LogTemp:Display: Loaded TP AllDesktopTargetPlatform
[2017.01.03-12.04.41:879][  0]LogTemp:Display: Loaded TP MacClientTargetPlatform
[2017.01.03-12.04.41:944][  0]LogTemp:Display: Loaded TP MacNoEditorTargetPlatform
[2017.01.03-12.04.42:013][  0]LogTemp:Display: Loaded TP MacServerTargetPlatform
[2017.01.03-12.04.42:078][  0]LogTemp:Display: Loaded TP MacTargetPlatform
[2017.01.03-12.04.42:144][  0]LogTemp:Display: Loaded TP WindowsClientTargetPlatform
[2017.01.03-12.04.42:214][  0]LogTemp:Display: Loaded TP WindowsNoEditorTargetPlatform
[2017.01.03-12.04.42:282][  0]LogTemp:Display: Loaded TP WindowsServerTargetPlatform
[2017.01.03-12.04.42:339][  0]LogTemp:Display: Loaded TP WindowsTargetPlatform
[2017.01.03-12.04.42:406][  0]LogTemp:Display: Loaded TP AndroidTargetPlatform
[2017.01.03-12.04.42:477][  0]LogTemp:Display: Loaded TP Android_ASTCTargetPlatform
[2017.01.03-12.04.42:542][  0]LogTemp:Display: Loaded TP Android_ATCTargetPlatform
[2017.01.03-12.04.42:607][  0]LogTemp:Display: Loaded TP Android_DXTTargetPlatform
[2017.01.03-12.04.42:681][  0]LogTemp:Display: Loaded TP Android_ETC1TargetPlatform
[2017.01.03-12.04.42:747][  0]LogTemp:Display: Loaded TP Android_ETC2TargetPlatform
[2017.01.03-12.04.42:878][  0]LogTemp:Display: Loaded TP Android_MultiTargetPlatform
[2017.01.03-12.04.42:878][  0]LogTemp:Display: Loaded TP Android_PVRTCTargetPlatform
[2017.01.03-12.04.42:928][  0]LogTemp:Display: Loaded TP HTML5TargetPlatform
[2017.01.03-12.04.43:038][  0]LogTemp:Display: Loaded TP IOSTargetPlatform
[2017.01.03-12.04.43:074][  0]LogTemp:Display: Loaded TP TVOSTargetPlatform
[2017.01.03-12.04.43:141][  0]LogTemp:Display: Loaded TP LinuxClientTargetPlatform
[2017.01.03-12.04.43:206][  0]LogTemp:Display: Loaded TP LinuxNoEditorTargetPlatform
[2017.01.03-12.04.43:273][  0]LogTemp:Display: Loaded TP LinuxServerTargetPlatform
[2017.01.03-12.04.43:339][  0]LogTemp:Display: Loaded TP LinuxTargetPlatform
[2017.01.03-12.04.43:339][  0]LogTargetPlatformManager:Display: Building Assets For Windows
[2017.01.03-12.04.43:866][  0]LogDerivedDataCache:Display: Max Cache Size: 512 MB
[2017.01.03-12.04.44:137][  0]LogDerivedDataCache: Loaded boot cache 0.27s 51MB C:/Users/Dominic/AppData/Local/UnrealEngine/4.14/DerivedDataCache/Boot.ddc.
[2017.01.03-12.04.44:137][  0]LogDerivedDataCache:Display: Loaded Boot cache: C:/Users/Dominic/AppData/Local/UnrealEngine/4.14/DerivedDataCache/Boot.ddc
[2017.01.03-12.04.44:137][  0]LogDerivedDataCache: FDerivedDataBackendGraph:  Pak pak cache file ../../../../../../navVR/projects/projectweek/VRReal/DerivedDataCache/DDC.ddp not found, will not use a pak cache.
[2017.01.03-12.04.44:137][  0]LogDerivedDataCache: Unable to find inner node Pak for hierarchical cache Hierarchy.
[2017.01.03-12.04.44:138][  0]LogDerivedDataCache: FDerivedDataBackendGraph:  CompressedPak pak cache file ../../../../../../navVR/projects/projectweek/VRReal/DerivedDataCache/Compressed.ddp not found, will not use a pak cache.
[2017.01.03-12.04.44:138][  0]LogDerivedDataCache: Unable to find inner node CompressedPak for hierarchical cache Hierarchy.
[2017.01.03-12.04.44:160][  0]LogDerivedDataCache:Display: Pak cache opened for reading ../../../Engine/DerivedDataCache/Compressed.ddp.
[2017.01.03-12.04.44:175][  0]LogDerivedDataCache: Using Local data cache path C:/Users/Dominic/AppData/Local/UnrealEngine/Common/DerivedDataCache: Writable
[2017.01.03-12.04.45:210][  0]LogInit: Selected Device Profile: [Windows]
[2017.01.03-12.04.45:227][  0]LogContentStreaming: Texture pool size is 0.00 MB
[2017.01.03-12.04.45:575][  0]LogMeshUtilities: Using QuadricMeshReduction for automatic static mesh reduction
[2017.01.03-12.04.45:652][  0]LogSimplygon: Simplygon DLL not present - disabling.
[2017.01.03-12.04.45:716][  0]LogMeshUtilities: Using SimplygonSwarm for distributed automatic mesh merging
[2017.01.03-12.04.45:716][  0]LogMeshUtilities: No automatic skeletal mesh reduction module available
[2017.01.03-12.04.45:716][  0]LogMeshUtilities: No automatic mesh merging module available
[2017.01.03-12.04.46:909][  0]LogNetVersion: GetLocalNetworkVersion: CL: 3195953, ProjectName: vrreal, ProjectVersion: , EngineNetworkVersion: 2, GameNetworkVersion: 0, NetworkChecksum: 2920099983
[2017.01.03-12.04.46:995][  0]LogAssetRegistry: FAssetRegistry took 0.0252 seconds to start up
[2017.01.03-12.04.47:061][  0]LogPackageLocalizationCache: Processed 3 localized package path(s) for 1 prioritized culture(s) in 0.032926 seconds
[2017.01.03-12.04.47:069][  0]LogUObjectArray: 31946 objects as part of root set at end of initial load.
[2017.01.03-12.04.47:069][  0]LogUObjectAllocator: 6935840 out of 0 bytes used by permanent object pool.
[2017.01.03-12.04.47:069][  0]LogUObjectArray: CloseDisregardForGC: 0/0 objects in disregard for GC pool
[2017.01.03-12.04.47:166][  0]LogInit: WinSock: version 1.1 (2.2), MaxSocks=32767, MaxUdp=65467
[2017.01.03-12.04.48:482][  0]LogSlate: Using Freetype 2.6.0
[2017.01.03-12.04.48:487][  0]LogSlate: SlateFontCache - WITH_FREETYPE: 1, WITH_HARFBUZZ: 1
[2017.01.03-12.04.48:487][  0]LogSlate: SlateFontCache - WITH_FREETYPE: 1, WITH_HARFBUZZ: 1
[2017.01.03-12.04.50:681][  0]LogTcpMessaging: Initializing TcpMessaging bridge
[2017.01.03-12.04.50:746][  0]LogUdpMessaging: Initializing bridge on interface 0.0.0.0:0 to multicast group 230.0.0.1:6666.
[2017.01.03-12.04.51:257][  0]LogMaterial: Uniform references updated for custom material expression Custom.
[2017.01.03-12.04.51:832][  0]SourceControl: Info Source control is disabled
[2017.01.03-12.04.51:902][  0]SourceControl: Info Source control is disabled
[2017.01.03-12.04.51:972][  0]SourceControl: Info Source control is disabled
[2017.01.03-12.04.52:040][  0]SourceControl: Info Source control is disabled
[2017.01.03-12.04.53:924][  0]LogEngine: Initializing Engine...
[2017.01.03-12.04.53:928][  0]LogHMD: Failed to initialize OpenVR with code 110
[2017.01.03-12.04.54:317][  0]LogAIModule: Creating AISystem for world Untitled
[2017.01.03-12.04.54:359][  0]LogInit: XAudio2 using 'Speakers (Realtek High Definition Audio)' : 2 channels at 48 kHz using 32 bits per sample (channel mask 0x3)
[2017.01.03-12.04.54:378][  0]LogInit: FAudioDevice initialized.
[2017.01.03-12.04.54:411][  0]LogDerivedDataCache: Saved boot cache 0.03s 51MB C:/Users/Dominic/AppData/Local/UnrealEngine/4.14/DerivedDataCache/Boot.ddc.
[2017.01.03-12.04.54:419][  0]LogInit: Texture streaming: Enabled
[2017.01.03-12.04.54:676][  0]LogWindowsTextInputMethodSystem:Display: IME system now deactivated.
[2017.01.03-12.04.54:676][  0]LogWindowsTextInputMethodSystem:Display: IME system now deactivated.
[2017.01.03-12.04.54:772][  0]LogInit: Transaction tracking system initialized
[2017.01.03-12.04.55:345][  0]BlueprintLog: New page: Editor Load
[2017.01.03-12.04.56:897][  0]LocalizationService: Info Localization service is disabled
[2017.01.03-12.04.57:988][  0]LogConsoleResponse:Display: 
[2017.01.03-12.04.58:238][  0]LogCook:Display: Max memory allowance for cook 16384mb min free memory 0mb
[2017.01.03-12.04.58:238][  0]LogCook:Display: Mobile HDR setting 1
[2017.01.03-12.04.58:271][  0]LogFileCache: Scanning file cache for directory 'C:/navVR/projects/projectweek/VRReal/Content/' took 0.02s
[2017.01.03-12.04.59:672][  0]SourceControl: Info Source control is disabled
[2017.01.03-12.04.59:677][  0]Cmd: MAP LOAD FILE="../../../../../../navVR/projects/projectweek/VRReal/Content/VirtualRealityBP/Maps/MotionControllerMap.umap" TEMPLATE=0 SHOWPROGRESS=1 FEATURELEVEL=3
[2017.01.03-12.04.59:681][  0]LightingResults: New page: Lighting Build
[2017.01.03-12.04.59:754][  0]MapCheck: New page: Map Check
[2017.01.03-12.04.59:754][  0]LightingResults: New page: Lighting Build
[2017.01.03-12.05.00:810][  0]LogTexture:Display: Building textures: T_Fire_Tiled_D (AutoDXT)
[2017.01.03-12.05.01:318][  0]LogTexture:Display: Building textures: T_Water_N (BC5)
[2017.01.03-12.05.01:926][  0]LogMaterial: Missing cached shader map for material M_Heat_Distortion, compiling. 
[2017.01.03-12.05.02:285][  0]LogTexture:Display: Building textures: T_Brick_Cut_Stone_D (AutoDXT)
[2017.01.03-12.05.10:936][  0]LogTexture:Display: Building textures: T_Brick_Cut_Stone_N (BC5)
[2017.01.03-12.05.11:892][  0]LogTexture:Display: Building textures: T_Perlin_Noise_M (AutoDXT)
[2017.01.03-12.05.18:491][  0]LogTexture:Display: Building textures: T_MacroVariation (AutoDXT)
[2017.01.03-12.05.25:449][  0]LogMaterial: Missing cached shader map for material M_Brick_Cut_Stone, compiling. 
[2017.01.03-12.05.25:511][  0]LogMaterial: Missing cached shader map for material M_Water_Lake, compiling. 
[2017.01.03-12.05.25:860][  0]LogTexture:Display: Building textures: T_Metal_Rust_N (BC5)
[2017.01.03-12.05.27:177][  0]LogTexture:Display: Building textures: T_Metal_Rust_D (AutoDXT)
[2017.01.03-12.05.36:154][  0]LogTexture:Display: Building textures: T_Concrete_Tiles_M (AutoDXT)
[2017.01.03-12.05.42:537][  0]LogTexture:Display: Building textures: T_Concrete_Tiles_N (BC5)
[2017.01.03-12.05.43:505][  0]LogTexture:Display: Building textures: T_Concrete_Tiles_D (AutoDXT)
[2017.01.03-12.05.48:687][  0]LogTexture:Display: Building textures: T_Concrete_Tiles_Variation_M (AutoDXT)
[2017.01.03-12.05.48:735][  0]LogMaterial: Missing cached shader map for material M_Concrete_Tiles, compiling. 
[2017.01.03-12.05.49:053][  0]LogTexture:Display: Building textures: T_CobbleStone_Pebble_N (BC5)
[2017.01.03-12.05.50:335][  0]LogTexture:Display: Building textures: T_CobbleStone_Pebble_M (AutoDXT)
[2017.01.03-12.05.51:952][  0]LogTexture:Display: Building textures: T_CobbleStone_Pebble_D (AutoDXT)
[2017.01.03-12.05.59:560][  0]LogMaterial: Missing cached shader map for material M_CobbleStone_Pebble, compiling. 
[2017.01.03-12.05.59:607][  0]LogMaterial: Missing cached shader map for material M_Metal_Rust, compiling. 
[2017.01.03-12.05.59:671][  0]LogTexture:Display: Building textures: T_Fire_SubUV (AutoDXT)
[2017.01.03-12.06.00:194][  0]LogMaterial: Missing cached shader map for material M_Radial_Gradient, compiling. 
[2017.01.03-12.06.00:425][  0]LogTexture:Display: Building textures: T_Smoke_SubUV (AutoDXT)
[2017.01.03-12.06.07:214][  0]LogTexture:Display: Building textures: T_Smoke_Tiled_D (AutoDXT)
[2017.01.03-12.06.07:267][  0]LogMaterial: Missing cached shader map for material M_smoke_subUV, compiling. 
[2017.01.03-12.06.07:373][  0]LogMaterial: Missing cached shader map for material M_Fire_SubUV, compiling. 
[2017.01.03-12.06.07:415][  0]LogTexture:Display: Building textures: ThumbnailTexture (DXT1)
[2017.01.03-12.06.07:556][  0]LogTexture:Display: Building textures: ThumbnailTexture (DXT1)
[2017.01.03-12.06.08:210][  0]LogAIModule: Creating AISystem for world MotionControllerMap
[2017.01.03-12.06.08:384][  0]LogEditorServer: Finished looking for orphan Actors (0.001 secs)
[2017.01.03-12.06.08:403][  0]Cmd: MAP CHECKDEP NOCLEARLOG
[2017.01.03-12.06.08:573][  0]MapCheck: Info Map check complete: 0 Error(s), 0 Warning(s), took 168.578ms to complete.
[2017.01.03-12.06.08:573][  0]LogFileHelpers: Loading map 'MotionControllerMap' took 68.897
[2017.01.03-12.06.08:988][  0]LogCollectionManager: Loaded 0 collections in 0.002766 seconds
[2017.01.03-12.06.09:163][  0]LogFileCache: Scanning file cache for directory 'C:/navVR/projects/projectweek/VRReal/Saved/Collections/' took 0.01s
[2017.01.03-12.06.09:163][  0]LogFileCache: Scanning file cache for directory 'C:/navVR/projects/projectweek/VRReal/Content/Developers/Dominic/Collections/' took 0.01s
[2017.01.03-12.06.09:163][  0]LogFileCache: Scanning file cache for directory 'C:/navVR/projects/projectweek/VRReal/Content/Collections/' took 0.01s
[2017.01.03-12.06.09:163][  0]LogCollectionManager: Rebuilt the GUID cache for 0 collections in 0.000002 seconds
[2017.01.03-12.06.09:189][  0]LogContentBrowser: Native class hierarchy populated in 0.0227 seconds. Added 2209 classes and 432 folders.
[2017.01.03-12.06.09:363][  0]LogStats: UGameplayTagsManager::ConstructGameplayTagTree: Construct from data asset -  0.000 s
[2017.01.03-12.06.09:363][  0]LogStats: UGameplayTagsManager::ConstructGameplayTagTree: GameplayTagTreeChangedEvent.Broadcast -  0.000 s
[2017.01.03-12.06.09:369][  0]LogContentBrowser: Native class hierarchy updated for 'GameplayTags' in 0.0029 seconds. Added 13 classes and 0 folders.
[2017.01.03-12.06.09:517][  0]LogContentBrowser: Native class hierarchy updated for 'WidgetCarousel' in 0.0027 seconds. Added 0 classes and 0 folders.
[2017.01.03-12.06.09:768][  0]LogContentBrowser: Native class hierarchy updated for 'AddContentDialog' in 0.0024 seconds. Added 0 classes and 0 folders.
[2017.01.03-12.06.09:872][  0]LogContentBrowser: Native class hierarchy updated for 'SceneOutliner' in 0.0024 seconds. Added 1 classes and 2 folders.
[2017.01.03-12.06.10:199][  0]LogCrashTracker: Crashtracker disabled due to settings.
[2017.01.03-12.06.10:232][  0]LogUObjectGlobals:Warning: Failed to find object 'Class None.'
[2017.01.03-12.06.10:374][  0]LogContentBrowser: Native class hierarchy updated for 'HierarchicalLODOutliner' in 0.0026 seconds. Added 1 classes and 2 folders.
[2017.01.03-12.06.10:374][  0]LogLoad: (Engine Initialization) Total time: 612.00 seconds
[2017.01.03-12.06.10:374][  0]LogLoad: (Engine Initialization) Total Blueprint compile time: 0.52 seconds
[2017.01.03-12.06.10:375][  0]LogExternalProfiler: Found external profiler: VSPerf
[2017.01.03-12.06.10:375][  0]LogExternalProfiler: Using external profiler: VSPerf
[2017.01.03-12.06.10:400][  0]LogOcInput: OculusInput pre-init called
[2017.01.03-12.06.10:459][  0]LogContentStreaming: Texture pool size now 1000 MB
[2017.01.03-12.06.10:724][  1]LogRenderer: Reallocating scene render targets to support 744x360 NumSamples 1 (Frame:2).
[2017.01.03-12.06.12:459][  3]LogAssetRegistry: Asset discovery search completed in 85.4860 seconds
[2017.01.03-12.06.12:459][  3]LogCollectionManager: Rebuilt the object cache for 0 collections in 0.000002 seconds (found 0 objects)
[2017.01.03-12.06.12:459][  3]LogCollectionManager: Fixed up redirectors for 0 collections in 0.000024 seconds (updated 0 objects)
[2017.01.03-12.06.20:671][309]LogRenderer: Reallocating scene render targets to support 748x372 NumSamples 1 (Frame:276).
[2017.01.03-12.06.24:363][471]LogEditorViewport: Clicking on Actor (LMB): Brush (Cone Brush)
[2017.01.03-12.06.25:143][505]LogEditorViewport: Clicking on Actor (LMB): LightmassImportanceVolume (LightmassImportanceVolume)
[2017.01.03-12.06.41:364][249]Cmd: TRANSACTION UNDO
[2017.01.03-12.06.41:364][249]LogEditorTransaction: Undo Move Actors
[2017.01.03-12.06.41:403][249]LogActorComponent: ~FComponentReregisterContext: (/Game/VirtualRealityBP/Maps/MotionControllerMap.MotionControllerMap:PersistentLevel.BoxBrush6.BrushComponent0) Component already registered.
[2017.01.03-12.07.53:428][837]LogWindowsTextInputMethodSystem:Display: IME system now deactivated.
[2017.01.03-12.07.53:428][837]LogWindowsTextInputMethodSystem:Display: IME system now deactivated.
[2017.01.03-12.07.53:789][838]Cmd: QUIT_EDITOR
[2017.01.03-12.07.53:881][838]LogExit: Preparing to exit.
[2017.01.03-12.07.54:875][838]LogDirectoryWatcher: A directory notification for 'C:/navVR/projects/projectweek/VRReal/Content/' was aborted.
[2017.01.03-12.07.54:908][838]LogExit: Editor shut down
[2017.01.03-12.07.54:908][838]LogExit: Transaction tracking system shut down
[2017.01.03-12.07.55:083][838]LogObj: Freed 0b from 0 cluster array pools.
[2017.01.03-12.07.55:083][838]LogExit: Object subsystem successfully closed.
[2017.01.03-12.07.55:135][838]LogD3D11RHI: Shutdown
[2017.01.03-12.07.55:136][838]LogD3D11RHI: CleanupD3DDevice
[2017.01.03-12.07.55:507][838]LogD3D11RHI: ~FD3D11DynamicRHI
[2017.01.03-12.07.55:566][838]LogHttp:Display: Http module shutting down, but needs to wait on 1 outstanding Http requests:
[2017.01.03-12.07.55:566][838]LogHttp:Display: 	verb=[POST] url=[https://datarouter.ol.epicgames.com/datarouter/api/v1/public/data?SessionID=%7B9B5120CD-4AED-7774-83DA-DA803E9325A6%7D&AppID=UEEditor.Rocket.Release&AppVersion=4.14.1-3224400%2B%2B%2BUE4%2BRelease-4.14&UserID=52471f0a4693360f7648f7bf6111891d%7C496525789834410b8477aefe09ae9845%7Caa95b24e-8ebb-4a3f-96a8-710ab2abaf81&AppEnvironment=datacollector-binary&UploadType=eteventstream] status=Processing
[2017.01.03-12.07.55:572][838]LogModuleManager: Shutting down and abandoning module HierarchicalLODOutliner (243)
[2017.01.03-12.07.55:572][838]LogModuleManager: Shutting down and abandoning module CrashTracker (242)
[2017.01.03-12.07.55:573][838]LogModuleManager: Shutting down and abandoning module SceneOutliner (241)
[2017.01.03-12.07.55:573][838]LogModuleManager: Shutting down and abandoning module WidgetCarousel (240)
[2017.01.03-12.07.55:573][838]LogModuleManager: Shutting down and abandoning module AddContentDialog (239)
[2017.01.03-12.07.55:575][838]LogDirectoryWatcher: A directory notification for 'C:/Program Files (x86)/Epic Games/4.14/FeaturePacks/' was aborted.
[2017.01.03-12.07.55:575][838]LogModuleManager: Shutting down and abandoning module GameplayTags (238)
[2017.01.03-12.07.55:575][838]LogModuleManager: Shutting down and abandoning module EditorWidgets (237)
[2017.01.03-12.07.55:575][838]LogModuleManager: Shutting down and abandoning module CollectionManager (236)
[2017.01.03-12.07.55:576][838]LogDirectoryWatcher: A directory notification for 'C:/navVR/projects/projectweek/VRReal/Content/Collections/' was aborted.
[2017.01.03-12.07.55:576][838]LogDirectoryWatcher: A directory notification for 'C:/navVR/projects/projectweek/VRReal/Content/Developers/Dominic/Collections/' was aborted.
[2017.01.03-12.07.55:576][838]LogDirectoryWatcher: A directory notification for 'C:/navVR/projects/projectweek/VRReal/Saved/Collections/' was aborted.
[2017.01.03-12.07.55:576][838]LogModuleManager: Shutting down and abandoning module StatsViewer (235)
[2017.01.03-12.07.55:578][838]LogModuleManager: Shutting down and abandoning module FoliageEdit (234)
[2017.01.03-12.07.55:578][838]LogModuleManager: Shutting down and abandoning module LandscapeEditor (233)
[2017.01.03-12.07.55:579][838]LogModuleManager: Shutting down and abandoning module SceneDepthPickerMode (232)
[2017.01.03-12.07.55:579][838]LogModuleManager: Shutting down and abandoning module ActorPickerMode (231)
[2017.01.03-12.07.55:579][838]LogModuleManager: Shutting down and abandoning module GeometryMode (230)
[2017.01.03-12.07.55:579][838]LogModuleManager: Shutting down and abandoning module TextureAlignMode (229)
[2017.01.03-12.07.55:579][838]LogModuleManager: Shutting down and abandoning module BspMode (228)
[2017.01.03-12.07.55:580][838]LogModuleManager: Shutting down and abandoning module HardwareSurvey (227)
[2017.01.03-12.07.55:580][838]LogModuleManager: Shutting down and abandoning module SequenceRecorderSections (226)
[2017.01.03-12.07.55:581][838]LogModuleManager: Shutting down and abandoning module AutomationWorker (225)
[2017.01.03-12.07.55:581][838]LogModuleManager: Shutting down and abandoning module MatineeToLevelSequence (224)
[2017.01.03-12.07.55:583][838]LogModuleManager: Shutting down and abandoning module PlacementMode (223)
[2017.01.03-12.07.55:584][838]LogModuleManager: Shutting down and abandoning module LevelSequenceEditor (222)
[2017.01.03-12.07.55:587][838]LogModuleManager: Shutting down and abandoning module WmfMediaFactory (221)
[2017.01.03-12.07.55:587][838]LogModuleManager: Shutting down and abandoning module WmfMediaEditor (220)
[2017.01.03-12.07.55:587][838]LogModuleManager: Shutting down and abandoning module AvfMediaFactory (219)
[2017.01.03-12.07.55:587][838]LogModuleManager: Shutting down and abandoning module AvfMediaEditor (218)
[2017.01.03-12.07.55:587][838]LogModuleManager: Shutting down and abandoning module Media (217)
[2017.01.03-12.07.55:587][838]LogModuleManager: Shutting down and abandoning module AndroidMediaFactory (216)
[2017.01.03-12.07.55:587][838]LogModuleManager: Shutting down and abandoning module AndroidMediaEditor (215)
[2017.01.03-12.07.55:587][838]LogModuleManager: Shutting down and abandoning module CharacterAI (214)
[2017.01.03-12.07.55:587][838]LogModuleManager: Shutting down and abandoning module SequenceRecorder (213)
[2017.01.03-12.07.55:588][838]LogModuleManager: Shutting down and abandoning module AudioCapture (212)
[2017.01.03-12.07.55:588][838]LogModuleManager: Shutting down and abandoning module SmartSnapping (211)
[2017.01.03-12.07.55:588][838]LogModuleManager: Shutting down and abandoning module SessionServices (210)
[2017.01.03-12.07.55:588][838]LogModuleManager: Shutting down and abandoning module ViewportSnapping (209)
[2017.01.03-12.07.55:588][838]LogModuleManager: Shutting down and abandoning module ViewportInteraction (208)
[2017.01.03-12.07.55:588][838]LogModuleManager: Shutting down and abandoning module LogVisualizer (207)
[2017.01.03-12.07.55:590][838]LogModuleManager: Shutting down and abandoning module GameProjectGeneration (206)
[2017.01.03-12.07.55:591][838]LogModuleManager: Shutting down and abandoning module IntroTutorials (205)
[2017.01.03-12.07.55:592][838]LogModuleManager: Shutting down and abandoning module EditorLiveStreaming (204)
[2017.01.03-12.07.55:592][838]LogModuleManager: Shutting down and abandoning module IOSPlatformEditor (203)
[2017.01.03-12.07.55:593][838]LogModuleManager: Shutting down and abandoning module HTML5PlatformEditor (202)
[2017.01.03-12.07.55:593][838]LogModuleManager: Shutting down and abandoning module AndroidDeviceDetection (201)
[2017.01.03-12.07.55:596][838]LogModuleManager: Shutting down and abandoning module AndroidPlatformEditor (200)
[2017.01.03-12.07.55:596][838]LogModuleManager: Shutting down and abandoning module IOSRuntimeSettings (199)
[2017.01.03-12.07.55:596][838]LogModuleManager: Shutting down and abandoning module AndroidRuntimeSettings (198)
[2017.01.03-12.07.55:596][838]LogModuleManager: Shutting down and abandoning module InputBindingEditor (197)
[2017.01.03-12.07.55:597][838]LogModuleManager: Shutting down and abandoning module NiagaraEditor (196)
[2017.01.03-12.07.55:599][838]LogModuleManager: Shutting down and abandoning module MergeActors (195)
[2017.01.03-12.07.55:600][838]LogModuleManager: Shutting down and abandoning module SizeMap (194)
[2017.01.03-12.07.55:600][838]LogModuleManager: Shutting down and abandoning module TreeMap (193)
[2017.01.03-12.07.55:601][838]LogModuleManager: Shutting down and abandoning module ReferenceViewer (192)
[2017.01.03-12.07.55:601][838]LogModuleManager: Shutting down and abandoning module LocalizationService (191)
[2017.01.03-12.07.55:602][838]LogModuleManager: Shutting down and abandoning module LocalizationDashboard (190)
[2017.01.03-12.07.55:603][838]LogModuleManager: Shutting down and abandoning module HardwareTargeting (189)
[2017.01.03-12.07.55:603][838]LogModuleManager: Shutting down and abandoning module DeviceProfileEditor (188)
[2017.01.03-12.07.55:605][838]LogModuleManager: Shutting down and abandoning module UndoHistory (187)
[2017.01.03-12.07.55:606][838]LogModuleManager: Shutting down and abandoning module UserFeedback (186)
[2017.01.03-12.07.55:606][838]LogModuleManager: Shutting down and abandoning module XmlParser (185)
[2017.01.03-12.07.55:606][838]LogModuleManager: Shutting down and abandoning module Blutility (184)
[2017.01.03-12.07.55:607][838]LogModuleManager: Shutting down and abandoning module ProjectTargetPlatformEditor (183)
[2017.01.03-12.07.55:607][838]LogModuleManager: Shutting down and abandoning module ProjectSettingsViewer (182)
[2017.01.03-12.07.55:607][838]LogModuleManager: Shutting down and abandoning module EditorSettingsViewer (181)
[2017.01.03-12.07.55:607][838]LogModuleManager: Shutting down and abandoning module SettingsEditor (180)
[2017.01.03-12.07.55:609][838]LogModuleManager: Shutting down and abandoning module ProjectLauncher (179)
[2017.01.03-12.07.55:610][838]LogModuleManager: Shutting down and abandoning module SessionFrontend (178)
[2017.01.03-12.07.55:611][838]LogModuleManager: Shutting down and abandoning module ProfilerClient (177)
[2017.01.03-12.07.55:612][838]LogModuleManager: Shutting down and abandoning module TargetDeviceServices (176)
[2017.01.03-12.07.55:612][838]LogModuleManager: Shutting down and abandoning module DeviceManager (175)
[2017.01.03-12.07.55:667][838]LogModuleManager: Shutting down and abandoning module AutomationController (174)
[2017.01.03-12.07.55:669][838]LogModuleManager: Shutting down and abandoning module AutomationWindow (173)
[2017.01.03-12.07.55:671][838]LogModuleManager: Shutting down and abandoning module Layers (172)
[2017.01.03-12.07.55:674][838]LogModuleManager: Shutting down and abandoning module ComponentVisualizers (171)
[2017.01.03-12.07.55:674][838]LogModuleManager: Shutting down and abandoning module DetailCustomizations (170)
[2017.01.03-12.07.55:675][838]LogModuleManager: Shutting down and abandoning module PackagesDialog (169)
[2017.01.03-12.07.55:676][838]LogModuleManager: Shutting down and abandoning module AnimGraph (168)
[2017.01.03-12.07.55:676][838]LogModuleManager: Shutting down and abandoning module Persona (167)
[2017.01.03-12.07.55:677][838]LogModuleManager: Shutting down and abandoning module Kismet (166)
[2017.01.03-12.07.55:681][838]LogModuleManager: Shutting down and abandoning module GraphEditor (165)
[2017.01.03-12.07.55:684][838]LogModuleManager: Shutting down and abandoning module ClassViewer (164)
[2017.01.03-12.07.55:685][838]LogModuleManager: Shutting down and abandoning module Toolbox (163)
[2017.01.03-12.07.55:686][838]LogModuleManager: Shutting down and abandoning module ModuleUI (162)
[2017.01.03-12.07.55:687][838]LogModuleManager: Shutting down and abandoning module MovieSceneTools (161)
[2017.01.03-12.07.55:689][838]LogModuleManager: Shutting down and abandoning module OutputLog (160)
[2017.01.03-12.07.55:690][838]LogModuleManager: Shutting down and abandoning module GammaUI (159)
[2017.01.03-12.07.55:691][838]LogModuleManager: Shutting down and abandoning module Documentation (158)
[2017.01.03-12.07.55:691][838]LogModuleManager: Shutting down and abandoning module Niagara (157)
[2017.01.03-12.07.55:691][838]LogModuleManager: Shutting down and abandoning module StreamingPauseRendering (156)
[2017.01.03-12.07.55:691][838]LogModuleManager: Shutting down and abandoning module AnalyticsET (155)
[2017.01.03-12.07.55:691][838]LogModuleManager: Shutting down and abandoning module PortalServices (154)
[2017.01.03-12.07.55:691][838]LogModuleManager: Shutting down and abandoning module PortalRpc (153)
[2017.01.03-12.07.55:691][838]LogModuleManager: Shutting down and abandoning module MessagingRpc (152)
[2017.01.03-12.07.55:691][838]LogModuleManager: Shutting down and abandoning module GameplayDebugger (151)
[2017.01.03-12.07.55:692][838]LogModuleManager: Shutting down and abandoning module AITestSuite (150)
[2017.01.03-12.07.55:693][838]LogModuleManager: Shutting down and abandoning module AIModule (149)
[2017.01.03-12.07.55:693][838]LogModuleManager: Shutting down and abandoning module ProfilerService (148)
[2017.01.03-12.07.55:744][838]LogModuleManager: Shutting down and abandoning module TaskGraph (147)
[2017.01.03-12.07.55:745][838]LogModuleManager: Shutting down and abandoning module VRExpansionPlugin (146)
[2017.01.03-12.07.55:745][838]LogModuleManager: Shutting down and abandoning module SlateRemote (145)
[2017.01.03-12.07.55:746][838]LogModuleManager: Shutting down and abandoning module SteamVRController (144)
[2017.01.03-12.07.55:746][838]LogModuleManager: Shutting down and abandoning module SteamVR (143)
[2017.01.03-12.07.55:746][838]LogModuleManager: Shutting down and abandoning module ProceduralMeshComponentEditor (142)
[2017.01.03-12.07.55:746][838]LogModuleManager: Shutting down and abandoning module ProceduralMeshComponent (141)
[2017.01.03-12.07.55:747][838]LogModuleManager: Shutting down and abandoning module OculusLibrary (140)
[2017.01.03-12.07.55:747][838]LogModuleManager: Shutting down and abandoning module OculusInput (139)
[2017.01.03-12.07.55:747][838]LogModuleManager: Shutting down and abandoning module MobilePatchingUtils (138)
[2017.01.03-12.07.55:747][838]LogModuleManager: Shutting down and abandoning module CustomMeshComponent (137)
[2017.01.03-12.07.55:747][838]LogModuleManager: Shutting down and abandoning module CableComponent (136)
[2017.01.03-12.07.55:748][838]LogModuleManager: Shutting down and abandoning module ArchVisCharacter (135)
[2017.01.03-12.07.55:748][838]LogModuleManager: Shutting down and abandoning module MediaPlayerEditor (133)
[2017.01.03-12.07.55:752][838]LogModuleManager: Shutting down and abandoning module HTML5Networking (132)
[2017.01.03-12.07.55:752][838]LogModuleManager: Shutting down and abandoning module GeometryCacheEd (131)
[2017.01.03-12.07.55:752][838]LogModuleManager: Shutting down and abandoning module GeometryCache (130)
[2017.01.03-12.07.55:752][838]LogModuleManager: Shutting down and abandoning module AlembicLibrary (129)
[2017.01.03-12.07.55:752][838]LogModuleManager: Shutting down and abandoning module AlembicImporter (128)
[2017.01.03-12.07.55:753][838]LogModuleManager: Shutting down and abandoning module SuperSearch (127)
[2017.01.03-12.07.55:753][838]LogModuleManager: Shutting down and abandoning module SuperSearchEditor (126)
[2017.01.03-12.07.55:753][838]LogModuleManager: Shutting down and abandoning module SpeedTreeImporter (125)
[2017.01.03-12.07.55:753][838]LogModuleManager: Shutting down and abandoning module PluginBrowser (124)
[2017.01.03-12.07.55:755][838]LogModuleManager: Shutting down and abandoning module MobileLauncherProfileWizard (123)
[2017.01.03-12.07.55:756][838]LogModuleManager: Shutting down and abandoning module EpicSurvey (122)
[2017.01.03-12.07.55:757][838]LogModuleManager: Shutting down and abandoning module VisualStudioSourceCodeAccess (121)
[2017.01.03-12.07.55:758][838]LogModuleManager: Shutting down and abandoning module UObjectPlugin (120)
[2017.01.03-12.07.55:758][838]LogModuleManager: Shutting down and abandoning module SubversionSourceControl (119)
[2017.01.03-12.07.55:759][838]LogModuleManager: Shutting down and abandoning module PerforceSourceControl (118)
[2017.01.03-12.07.55:760][838]LogModuleManager: Shutting down and abandoning module SourceControl (117)
[2017.01.03-12.07.55:761][838]LogModuleManager: Shutting down and abandoning module GitSourceControl (116)
[2017.01.03-12.07.55:761][838]LogModuleManager: Shutting down and abandoning module LightPropagationVolumeEditor (115)
[2017.01.03-12.07.55:761][838]LogModuleManager: Shutting down and abandoning module PaperTiledImporter (114)
[2017.01.03-12.07.55:761][838]LogModuleManager: Shutting down and abandoning module PaperSpriteSheetImporter (113)
[2017.01.03-12.07.55:761][838]LogModuleManager: Shutting down and abandoning module MeshPaint (112)
[2017.01.03-12.07.55:761][838]LogModuleManager: Shutting down and abandoning module PixelInspectorModule (111)
[2017.01.03-12.07.55:762][838]LogModuleManager: Shutting down and abandoning module HotReload (110)
[2017.01.03-12.07.55:762][838]LogDirectoryWatcher: A directory notification for 'C:/navVR/projects/projectweek/VRReal/Binaries/Win64' was aborted.
[2017.01.03-12.07.55:765][838]LogModuleManager: Shutting down and abandoning module MainFrame (109)
[2017.01.03-12.07.55:765][838]LogModuleManager: Shutting down and abandoning module LevelEditor (108)
[2017.01.03-12.07.55:768][838]LogModuleManager: Shutting down and abandoning module ContentBrowser (107)
[2017.01.03-12.07.55:771][838]LogModuleManager: Shutting down and abandoning module Paper2DEditor (106)
[2017.01.03-12.07.55:772][838]LogModuleManager: Shutting down and abandoning module VRReal (105)
[2017.01.03-12.07.55:772][838]LogModuleManager: Shutting down and abandoning module UdpMessaging (104)
[2017.01.03-12.07.55:874][838]LogModuleManager: Shutting down and abandoning module TcpMessaging (103)
[2017.01.03-12.07.55:976][838]LogModuleManager: Shutting down and abandoning module LightPropagationVolumeRuntime (102)
[2017.01.03-12.07.55:976][838]LogModuleManager: Shutting down and abandoning module Paper2D (101)
[2017.01.03-12.07.55:977][838]LogModuleManager: Shutting down and abandoning module WindowsMoviePlayer (100)
[2017.01.03-12.07.55:977][838]LogModuleManager: Shutting down and abandoning module WmfMedia (99)
[2017.01.03-12.07.55:978][838]LogModuleManager: Shutting down and abandoning module MediaAssets (98)
[2017.01.03-12.07.55:978][838]LogModuleManager: Shutting down and abandoning module GameLiveStreaming (97)
[2017.01.03-12.07.55:979][838]LogModuleManager: Shutting down and abandoning module GameplayTagsEditor (96)
[2017.01.03-12.07.55:979][838]LogModuleManager: Shutting down and abandoning module VREditor (95)
[2017.01.03-12.07.55:979][838]LogModuleManager: Shutting down and abandoning module GameplayTasksEditor (94)
[2017.01.03-12.07.55:979][838]LogModuleManager: Shutting down and abandoning module BehaviorTreeEditor (93)
[2017.01.03-12.07.55:981][838]LogModuleManager: Shutting down and abandoning module FunctionalTesting (92)
[2017.01.03-12.07.55:981][838]LogModuleManager: Shutting down and abandoning module CollisionAnalyzer (91)
[2017.01.03-12.07.55:983][838]LogModuleManager: Shutting down and abandoning module Sequencer (90)
[2017.01.03-12.07.55:985][838]LogModuleManager: Shutting down and abandoning module WorkspaceMenuStructure (89)
[2017.01.03-12.07.55:985][838]LogModuleManager: Shutting down and abandoning module MessageLog (88)
[2017.01.03-12.07.55:985][838]LogModuleManager: Shutting down and abandoning module AssetTools (87)
[2017.01.03-12.07.55:989][838]LogModuleManager: Shutting down and abandoning module UMGEditor (86)
[2017.01.03-12.07.55:991][838]LogModuleManager: Shutting down and abandoning module UMG (85)
[2017.01.03-12.07.55:992][838]LogModuleManager: Shutting down and abandoning module SlateReflector (84)
[2017.01.03-12.07.55:995][838]LogModuleManager: Shutting down and abandoning module Slate (83)
[2017.01.03-12.07.55:995][838]LogModuleManager: Shutting down and abandoning module EditorStyle (82)
[2017.01.03-12.07.55:999][838]LogModuleManager: Shutting down and abandoning module SourceCodeAccess (81)
[2017.01.03-12.07.55:999][838]LogModuleManager: Shutting down and abandoning module HeadMountedDisplay (80)
[2017.01.03-12.07.55:999][838]LogModuleManager: Shutting down and abandoning module XAudio2 (79)
[2017.01.03-12.07.55:999][838]LogModuleManager: Shutting down and abandoning module Networking (77)
[2017.01.03-12.07.55:999][838]LogModuleManager: Shutting down and abandoning module Core (76)
[2017.01.03-12.07.55:999][838]LogModuleManager: Shutting down and abandoning module DirectoryWatcher (75)
[2017.01.03-12.07.55:999][838]LogDirectoryWatcher: A directory notification for '../../../Engine/Content/' was aborted.
[2017.01.03-12.07.55:999][838]LogDirectoryWatcher: A directory notification for '../../../../../../navVR/projects/projectweek/VRReal/Content/' was aborted.
[2017.01.03-12.07.55:999][838]LogDirectoryWatcher: A directory notification for '../../../Engine/Plugins/2D/Paper2D/Content/' was aborted.
[2017.01.03-12.07.55:999][838]LogModuleManager: Shutting down and abandoning module AssetRegistry (74)
[2017.01.03-12.07.56:127][838]LogModuleManager: Shutting down and abandoning module KismetCompiler (73)
[2017.01.03-12.07.56:127][838]LogModuleManager: Shutting down and abandoning module PhysXFormats (72)
[2017.01.03-12.07.56:127][838]LogModuleManager: Shutting down and abandoning module SimplygonSwarm (71)
[2017.01.03-12.07.56:128][838]LogModuleManager: Shutting down and abandoning module SimplygonMeshReduction (70)
[2017.01.03-12.07.56:128][838]LogModuleManager: Shutting down and abandoning module QuadricMeshReduction (69)
[2017.01.03-12.07.56:128][838]LogModuleManager: Shutting down and abandoning module PropertyEditor (68)
[2017.01.03-12.07.56:128][838]LogModuleManager: Shutting down and abandoning module MeshUtilities (67)
[2017.01.03-12.07.56:131][838]LogModuleManager: Shutting down and abandoning module DerivedDataCache (66)
[2017.01.03-12.07.56:202][838]LogDerivedDataCache: Shutdown
[2017.01.03-12.07.56:202][838]LogModuleManager: Shutting down and abandoning module VulkanShaderFormat (65)
[2017.01.03-12.07.56:202][838]LogModuleManager: Shutting down and abandoning module ShaderFormatOpenGL (64)
[2017.01.03-12.07.56:203][838]LogModuleManager: Shutting down and abandoning module ShaderFormatD3D (63)
[2017.01.03-12.07.56:203][838]LogModuleManager: Shutting down and abandoning module MetalShaderFormat (62)
[2017.01.03-12.07.56:204][838]LogModuleManager: Shutting down and abandoning module TextureFormatUncompressed (61)
[2017.01.03-12.07.56:204][838]LogModuleManager: Shutting down and abandoning module TextureFormatPVR (60)
[2017.01.03-12.07.56:204][838]LogModuleManager: Shutting down and abandoning module TextureFormatDXT (59)
[2017.01.03-12.07.56:204][838]LogModuleManager: Shutting down and abandoning module TextureFormatIntelISPCTexComp (58)
[2017.01.03-12.07.56:204][838]LogModuleManager: Shutting down and abandoning module ImageWrapper (57)
[2017.01.03-12.07.56:204][838]LogModuleManager: Shutting down and abandoning module TextureFormatASTC (56)
[2017.01.03-12.07.56:204][838]LogModuleManager: Shutting down and abandoning module TextureFormatAndroid (55)
[2017.01.03-12.07.56:204][838]LogModuleManager: Shutting down and abandoning module AudioFormatOpus (54)
[2017.01.03-12.07.56:206][838]LogModuleManager: Shutting down and abandoning module AudioFormatOgg (53)
[2017.01.03-12.07.56:206][838]LogModuleManager: Shutting down and abandoning module AudioFormatADPCM (52)
[2017.01.03-12.07.56:206][838]LogModuleManager: Shutting down and abandoning module LinuxTargetPlatform (51)
[2017.01.03-12.07.56:206][838]LogModuleManager: Shutting down and abandoning module LinuxServerTargetPlatform (50)
[2017.01.03-12.07.56:206][838]LogModuleManager: Shutting down and abandoning module LinuxNoEditorTargetPlatform (49)
[2017.01.03-12.07.56:206][838]LogModuleManager: Shutting down and abandoning module LinuxClientTargetPlatform (48)
[2017.01.03-12.07.56:206][838]LogModuleManager: Shutting down and abandoning module TVOSTargetPlatform (47)
[2017.01.03-12.07.56:206][838]LogModuleManager: Shutting down and abandoning module Messaging (46)
[2017.01.03-12.07.56:206][838]LogModuleManager: Shutting down and abandoning module IOSTargetPlatform (45)
[2017.01.03-12.07.56:206][838]LogModuleManager: Shutting down and abandoning module HTML5TargetPlatform (44)
[2017.01.03-12.07.56:206][838]LogModuleManager: Shutting down and abandoning module Android_PVRTCTargetPlatform (43)
[2017.01.03-12.07.56:206][838]LogModuleManager: Shutting down and abandoning module Android_MultiTargetPlatform (42)
[2017.01.03-12.07.56:206][838]LogModuleManager: Shutting down and abandoning module Android_ETC2TargetPlatform (41)
[2017.01.03-12.07.56:206][838]LogModuleManager: Shutting down and abandoning module Android_ETC1TargetPlatform (40)
[2017.01.03-12.07.56:206][838]LogModuleManager: Shutting down and abandoning module Android_DXTTargetPlatform (39)
[2017.01.03-12.07.56:206][838]LogModuleManager: Shutting down and abandoning module Android_ATCTargetPlatform (38)
[2017.01.03-12.07.56:206][838]LogModuleManager: Shutting down and abandoning module Android_ASTCTargetPlatform (37)
[2017.01.03-12.07.56:206][838]LogModuleManager: Shutting down and abandoning module AndroidTargetPlatform (36)
[2017.01.03-12.07.56:206][838]LogModuleManager: Shutting down and abandoning module WindowsTargetPlatform (35)
[2017.01.03-12.07.56:206][838]LogModuleManager: Shutting down and abandoning module WindowsServerTargetPlatform (34)
[2017.01.03-12.07.56:206][838]LogModuleManager: Shutting down and abandoning module WindowsNoEditorTargetPlatform (33)
[2017.01.03-12.07.56:206][838]LogModuleManager: Shutting down and abandoning module WindowsClientTargetPlatform (32)
[2017.01.03-12.07.56:206][838]LogModuleManager: Shutting down and abandoning module MacTargetPlatform (31)
[2017.01.03-12.07.56:206][838]LogModuleManager: Shutting down and abandoning module MacServerTargetPlatform (30)
[2017.01.03-12.07.56:206][838]LogModuleManager: Shutting down and abandoning module MacNoEditorTargetPlatform (29)
[2017.01.03-12.07.56:206][838]LogModuleManager: Shutting down and abandoning module MacClientTargetPlatform (28)
[2017.01.03-12.07.56:206][838]LogModuleManager: Shutting down and abandoning module AllDesktopTargetPlatform (27)
[2017.01.03-12.07.56:206][838]LogModuleManager: Shutting down and abandoning module TargetPlatform (26)
[2017.01.03-12.07.56:206][838]LogModuleManager: Shutting down and abandoning module InputCore (25)
[2017.01.03-12.07.56:206][838]LogModuleManager: Shutting down and abandoning module Settings (24)
[2017.01.03-12.07.56:206][838]LogModuleManager: Shutting down and abandoning module OculusRift (23)
[2017.01.03-12.07.56:206][838]LogModuleManager: Shutting down and abandoning module ExampleDeviceProfileSelector (22)
[2017.01.03-12.07.56:206][838]LogModuleManager: Shutting down and abandoning module OnlineBlueprintSupport (21)
[2017.01.03-12.07.56:206][838]LogModuleManager: Shutting down and abandoning module OnlineSubsystem (19)
[2017.01.03-12.07.56:206][838]LogOnline:Display: Unloading online subsystem: NULL
[2017.01.03-12.07.56:208][838]LogModuleManager: Shutting down and abandoning module SSL (18)
[2017.01.03-12.07.56:209][838]LogModuleManager: Shutting down and abandoning module HTTP (17)
[2017.01.03-12.07.56:209][838]LogModuleManager: Shutting down and abandoning module XMPP (16)
[2017.01.03-12.07.56:211][838]LogModuleManager: Shutting down and abandoning module DesktopPlatform (15)
[2017.01.03-12.07.56:211][838]LogModuleManager: Shutting down and abandoning module TextureCompressor (14)
[2017.01.03-12.07.56:211][838]LogModuleManager: Shutting down and abandoning module ShaderCore (13)
[2017.01.03-12.07.56:211][838]LogModuleManager: Shutting down and abandoning module Landscape (12)
[2017.01.03-12.07.56:211][838]LogModuleManager: Shutting down and abandoning module SlateRHIRenderer (11)
[2017.01.03-12.07.56:213][838]LogModuleManager: Shutting down and abandoning module OpenGLDrv (10)
[2017.01.03-12.07.56:214][838]LogModuleManager: Shutting down and abandoning module D3D11RHI (9)
[2017.01.03-12.07.56:214][838]LogModuleManager: Shutting down and abandoning module AnimGraphRuntime (8)
[2017.01.03-12.07.56:215][838]LogModuleManager: Shutting down and abandoning module Renderer (7)
[2017.01.03-12.07.56:215][838]LogModuleManager: Shutting down and abandoning module Engine (6)
[2017.01.03-12.07.56:215][838]LogModuleManager: Shutting down and abandoning module CoreUObject (5)
[2017.01.03-12.07.56:215][838]LogModuleManager: Shutting down and abandoning module NetworkFile (4)
[2017.01.03-12.07.56:216][838]LogModuleManager: Shutting down and abandoning module StreamingFile (3)
[2017.01.03-12.07.56:216][838]LogModuleManager: Shutting down and abandoning module SandboxFile (2)
[2017.01.03-12.07.56:216][838]LogModuleManager: Shutting down and abandoning module PakFile (1)
[2017.01.03-12.07.56:217][838]LogExit: Exiting.
[2017.01.03-12.07.56:231][838]Log file closed, 01/03/17 13:07:56
