Log file open, 12/02/16 14:40:26
LogInit:Display: Running engine for game: MyProject2
LogPlatformFile: Not using cached read wrapper
LogInit:Display: RandInit(-1570631916) SRandInit(-1570631916).
LogTaskGraph: Started task graph with 5 named threads and 6 total threads with 1 sets of task threads.
LogStats: Stats thread started at 0.468917
LogPluginManager: Loaded Plugin Paper2D, From C:/Program Files (x86)/Epic Games/4.14/Engine/Plugins/2D/Paper2D/Paper2D.uplugin
LogPluginManager: Loaded Plugin LightPropagationVolume, From C:/Program Files (x86)/Epic Games/4.14/Engine/Plugins/Blendables/LightPropagationVolume/LightPropagationVolume.uplugin
LogPluginManager: Loaded Plugin BlankPlugin, From C:/Program Files (x86)/Epic Games/4.14/Engine/Plugins/Developer/BlankPlugin/BlankPlugin.uplugin
LogPluginManager: Loaded Plugin CodeLiteSourceCodeAccess, From C:/Program Files (x86)/Epic Games/4.14/Engine/Plugins/Developer/CodeLiteSourceCodeAccess/CodeLiteSourceCodeAccess.uplugin
LogPluginManager: Loaded Plugin GitSourceControl, From C:/Program Files (x86)/Epic Games/4.14/Engine/Plugins/Developer/GitSourceControl/GitSourceControl.uplugin
LogPluginManager: Loaded Plugin KDevelopSourceCodeAccess, From C:/Program Files (x86)/Epic Games/4.14/Engine/Plugins/Developer/KDevelopSourceCodeAccess/KDevelopSourceCodeAccess.uplugin
LogPluginManager: Loaded Plugin NullSourceCodeAccess, From C:/Program Files (x86)/Epic Games/4.14/Engine/Plugins/Developer/NullSourceCodeAccess/NullSourceCodeAccess.uplugin
LogPluginManager: Loaded Plugin OneSkyLocalizationService, From C:/Program Files (x86)/Epic Games/4.14/Engine/Plugins/Developer/OneSkyLocalizationService/OneSkyLocalizationService.uplugin
LogPluginManager: Loaded Plugin PerforceSourceControl, From C:/Program Files (x86)/Epic Games/4.14/Engine/Plugins/Developer/PerforceSourceControl/PerforceSourceControl.uplugin
LogPluginManager: Loaded Plugin SubversionSourceControl, From C:/Program Files (x86)/Epic Games/4.14/Engine/Plugins/Developer/SubversionSourceControl/SubversionSourceControl.uplugin
LogPluginManager: Loaded Plugin UObjectPlugin, From C:/Program Files (x86)/Epic Games/4.14/Engine/Plugins/Developer/UObjectPlugin/UObjectPlugin.uplugin
LogPluginManager: Loaded Plugin VisualStudioSourceCodeAccess, From C:/Program Files (x86)/Epic Games/4.14/Engine/Plugins/Developer/VisualStudioSourceCodeAccess/VisualStudioSourceCodeAccess.uplugin
LogPluginManager: Loaded Plugin XCodeSourceCodeAccess, From C:/Program Files (x86)/Epic Games/4.14/Engine/Plugins/Developer/XCodeSourceCodeAccess/XCodeSourceCodeAccess.uplugin
LogPluginManager: Loaded Plugin AudioCapture, From C:/Program Files (x86)/Epic Games/4.14/Engine/Plugins/Editor/AudioCapture/AudioCapture.uplugin
LogPluginManager: Loaded Plugin EpicSurvey, From C:/Program Files (x86)/Epic Games/4.14/Engine/Plugins/Editor/EpicSurvey/EpicSurvey.uplugin
LogPluginManager: Loaded Plugin MacGraphicsSwitching, From C:/Program Files (x86)/Epic Games/4.14/Engine/Plugins/Editor/MacGraphicsSwitching/MacGraphicsSwitching.uplugin
LogPluginManager: Loaded Plugin MobileLauncherProfileWizard, From C:/Program Files (x86)/Epic Games/4.14/Engine/Plugins/Editor/MobileLauncherProfileWizard/MobileLauncherProfileWizard.uplugin
LogPluginManager: Loaded Plugin PluginBrowser, From C:/Program Files (x86)/Epic Games/4.14/Engine/Plugins/Editor/PluginBrowser/PluginBrowser.uplugin
LogPluginManager: Loaded Plugin SpeedTreeImporter, From C:/Program Files (x86)/Epic Games/4.14/Engine/Plugins/Editor/SpeedTreeImporter/SpeedTreeImporter.uplugin
LogPluginManager: Loaded Plugin SuperSearchEditor, From C:/Program Files (x86)/Epic Games/4.14/Engine/Plugins/Editor/SuperSearchEditor/SuperSearchEditor.uplugin
LogPluginManager: Loaded Plugin AlembicImporter, From C:/Program Files (x86)/Epic Games/4.14/Engine/Plugins/Experimental/AlembicImporter/AlembicImporter.uplugin
LogPluginManager: Loaded Plugin BlueprintStats, From C:/Program Files (x86)/Epic Games/4.14/Engine/Plugins/Experimental/BlueprintStats/BlueprintStats.uplugin
LogPluginManager: Loaded Plugin CharacterAI, From C:/Program Files (x86)/Epic Games/4.14/Engine/Plugins/Experimental/CharacterAI/CharacterAI.uplugin
LogPluginManager: Loaded Plugin CodeEditor, From C:/Program Files (x86)/Epic Games/4.14/Engine/Plugins/Experimental/CodeEditor/CodeEditor.uplugin
LogPluginManager: Loaded Plugin CodeView, From C:/Program Files (x86)/Epic Games/4.14/Engine/Plugins/Experimental/CodeView/CodeView.uplugin
LogPluginManager: Loaded Plugin HTML5Networking, From C:/Program Files (x86)/Epic Games/4.14/Engine/Plugins/Experimental/HTML5Networking/HTML5Networking.uplugin
LogPluginManager: Loaded Plugin OSVR, From C:/Program Files (x86)/Epic Games/4.14/Engine/Plugins/Experimental/OSVR/OSVR.uplugin
LogPluginManager: Loaded Plugin Phya, From C:/Program Files (x86)/Epic Games/4.14/Engine/Plugins/Experimental/Phya/Phya.uplugin
LogPluginManager: Loaded Plugin SignificanceManager, From C:/Program Files (x86)/Epic Games/4.14/Engine/Plugins/Experimental/SignificanceManager/SignificanceManager.uplugin
LogPluginManager: Loaded Plugin SimpleHMD, From C:/Program Files (x86)/Epic Games/4.14/Engine/Plugins/Experimental/SimpleHMD/SimpleHMD.uplugin
LogPluginManager: Loaded Plugin StereoPanorama, From C:/Program Files (x86)/Epic Games/4.14/Engine/Plugins/Experimental/StereoPanorama/StereoPanorama.uplugin
LogPluginManager: Loaded Plugin StructBox, From C:/Program Files (x86)/Epic Games/4.14/Engine/Plugins/Experimental/StructBox/StructBox.uplugin
LogPluginManager: Loaded Plugin AndroidMedia, From C:/Program Files (x86)/Epic Games/4.14/Engine/Plugins/Media/AndroidMedia/AndroidMedia.uplugin
LogPluginManager: Loaded Plugin AvfMedia, From C:/Program Files (x86)/Epic Games/4.14/Engine/Plugins/Media/AvfMedia/AvfMedia.uplugin
LogPluginManager: Loaded Plugin MediaPlayerEditor, From C:/Program Files (x86)/Epic Games/4.14/Engine/Plugins/Media/MediaPlayerEditor/MediaPlayerEditor.uplugin
LogPluginManager: Loaded Plugin WmfMedia, From C:/Program Files (x86)/Epic Games/4.14/Engine/Plugins/Media/WmfMedia/WmfMedia.uplugin
LogPluginManager: Loaded Plugin MessagingDebugger, From C:/Program Files (x86)/Epic Games/4.14/Engine/Plugins/Messaging/MessagingDebugger/MessagingDebugger.uplugin
LogPluginManager: Loaded Plugin TcpMessaging, From C:/Program Files (x86)/Epic Games/4.14/Engine/Plugins/Messaging/TcpMessaging/TcpMessaging.uplugin
LogPluginManager: Loaded Plugin UdpMessaging, From C:/Program Files (x86)/Epic Games/4.14/Engine/Plugins/Messaging/UdpMessaging/UdpMessaging.uplugin
LogPluginManager: Loaded Plugin LevelSequenceEditor, From C:/Program Files (x86)/Epic Games/4.14/Engine/Plugins/MovieScene/LevelSequenceEditor/LevelSequenceEditor.uplugin
LogPluginManager: Loaded Plugin MatineeToLevelSequence, From C:/Program Files (x86)/Epic Games/4.14/Engine/Plugins/MovieScene/MatineeToLevelSequence/MatineeToLevelSequence.uplugin
LogPluginManager: Loaded Plugin NetcodeUnitTest, From C:/Program Files (x86)/Epic Games/4.14/Engine/Plugins/NetcodeUnitTest/NetcodeUnitTest/NetcodeUnitTest.uplugin
LogPluginManager: Loaded Plugin NUTUnrealEngine4, From C:/Program Files (x86)/Epic Games/4.14/Engine/Plugins/NetcodeUnitTest/NUTUnrealEngine4/NUTUnrealEngine4.uplugin
LogPluginManager: Loaded Plugin OnlineSubsystemGameCircle, From C:/Program Files (x86)/Epic Games/4.14/Engine/Plugins/Online/Android/OnlineSubsystemGameCircle/OnlineSubsystemGameCircle.uplugin
LogPluginManager: Loaded Plugin OnlineSubsystemGooglePlay, From C:/Program Files (x86)/Epic Games/4.14/Engine/Plugins/Online/Android/OnlineSubsystemGooglePlay/OnlineSubsystemGooglePlay.uplugin
LogPluginManager: Loaded Plugin OnlineSubsystemIOS, From C:/Program Files (x86)/Epic Games/4.14/Engine/Plugins/Online/IOS/OnlineSubsystemIOS/OnlineSubsystemIOS.uplugin
LogPluginManager: Loaded Plugin OnlineFramework, From C:/Program Files (x86)/Epic Games/4.14/Engine/Plugins/Online/OnlineFramework/OnlineFramework.uplugin
LogPluginManager: Loaded Plugin OnlineSubsystem, From C:/Program Files (x86)/Epic Games/4.14/Engine/Plugins/Online/OnlineSubsystem/OnlineSubsystem.uplugin
LogPluginManager: Loaded Plugin OnlineSubsystemAmazon, From C:/Program Files (x86)/Epic Games/4.14/Engine/Plugins/Online/OnlineSubsystemAmazon/OnlineSubsystemAmazon.uplugin
LogPluginManager: Loaded Plugin OnlineSubsystemFacebook, From C:/Program Files (x86)/Epic Games/4.14/Engine/Plugins/Online/OnlineSubsystemFacebook/OnlineSubsystemFacebook.uplugin
LogPluginManager: Loaded Plugin OnlineSubsystemNull, From C:/Program Files (x86)/Epic Games/4.14/Engine/Plugins/Online/OnlineSubsystemNull/OnlineSubsystemNull.uplugin
LogPluginManager: Loaded Plugin OnlineSubsystemOculus, From C:/Program Files (x86)/Epic Games/4.14/Engine/Plugins/Online/OnlineSubsystemOculus/OnlineSubsystemOculus.uplugin
LogPluginManager: Loaded Plugin OnlineSubsystemSteam, From C:/Program Files (x86)/Epic Games/4.14/Engine/Plugins/Online/OnlineSubsystemSteam/OnlineSubsystemSteam.uplugin
LogPluginManager: Loaded Plugin OnlineSubsystemUtils, From C:/Program Files (x86)/Epic Games/4.14/Engine/Plugins/Online/OnlineSubsystemUtils/OnlineSubsystemUtils.uplugin
LogPluginManager: Loaded Plugin IOSTapJoy, From C:/Program Files (x86)/Epic Games/4.14/Engine/Plugins/Runtime/Advertising/IOSTapJoy/IOSTapJoy.uplugin
LogPluginManager: Loaded Plugin AnalyticsBlueprintLibrary, From C:/Program Files (x86)/Epic Games/4.14/Engine/Plugins/Runtime/Analytics/AnalyticsBlueprintLibrary/AnalyticsBlueprintLibrary.uplugin
LogPluginManager: Loaded Plugin AnalyticsMulticast, From C:/Program Files (x86)/Epic Games/4.14/Engine/Plugins/Runtime/Analytics/AnalyticsMulticast/AnalyticsMulticast.uplugin
LogPluginManager: Loaded Plugin Apsalar, From C:/Program Files (x86)/Epic Games/4.14/Engine/Plugins/Runtime/Analytics/Apsalar/Apsalar.uplugin
LogPluginManager: Loaded Plugin FileLogging, From C:/Program Files (x86)/Epic Games/4.14/Engine/Plugins/Runtime/Analytics/FileLogging/FileLogging.uplugin
LogPluginManager: Loaded Plugin Flurry, From C:/Program Files (x86)/Epic Games/4.14/Engine/Plugins/Runtime/Analytics/Flurry/Flurry.uplugin
LogPluginManager: Loaded Plugin AndroidDeviceProfileSelector, From C:/Program Files (x86)/Epic Games/4.14/Engine/Plugins/Runtime/AndroidDeviceProfileSelector/AndroidDeviceProfileSelector.uplugin
LogPluginManager: Loaded Plugin AndroidMoviePlayer, From C:/Program Files (x86)/Epic Games/4.14/Engine/Plugins/Runtime/AndroidMoviePlayer/AndroidMoviePlayer.uplugin
LogPluginManager: Loaded Plugin AppleMoviePlayer, From C:/Program Files (x86)/Epic Games/4.14/Engine/Plugins/Runtime/AppleMoviePlayer/AppleMoviePlayer.uplugin
LogPluginManager: Loaded Plugin ArchVisCharacter, From C:/Program Files (x86)/Epic Games/4.14/Engine/Plugins/Runtime/ArchVisCharacter/ArchVisCharacter.uplugin
LogPluginManager: Loaded Plugin CableComponent, From C:/Program Files (x86)/Epic Games/4.14/Engine/Plugins/Runtime/CableComponent/CableComponent.uplugin
LogPluginManager: Loaded Plugin CustomMeshComponent, From C:/Program Files (x86)/Epic Games/4.14/Engine/Plugins/Runtime/CustomMeshComponent/CustomMeshComponent.uplugin
LogPluginManager: Loaded Plugin ExampleDeviceProfileSelector, From C:/Program Files (x86)/Epic Games/4.14/Engine/Plugins/Runtime/ExampleDeviceProfileSelector/ExampleDeviceProfileSelector.uplugin
LogPluginManager: Loaded Plugin GearVR, From C:/Program Files (x86)/Epic Games/4.14/Engine/Plugins/Runtime/GearVR/GearVR.uplugin
LogPluginManager: Loaded Plugin GoogleVRController, From C:/Program Files (x86)/Epic Games/4.14/Engine/Plugins/Runtime/GoogleVR/GoogleVRController/GoogleVRController.uplugin
LogPluginManager: Loaded Plugin GoogleVRHMD, From C:/Program Files (x86)/Epic Games/4.14/Engine/Plugins/Runtime/GoogleVR/GoogleVRHMD/GoogleVRHMD.uplugin
LogPluginManager: Loaded Plugin IOSDeviceProfileSelector, From C:/Program Files (x86)/Epic Games/4.14/Engine/Plugins/Runtime/IOSDeviceProfileSelector/IOSDeviceProfileSelector.uplugin
LogPluginManager: Loaded Plugin LeapMotion, From C:/Program Files (x86)/Epic Games/4.14/Engine/Plugins/Runtime/LeapMotion/LeapMotion.uplugin
LogPluginManager: Loaded Plugin LinuxDeviceProfileSelector, From C:/Program Files (x86)/Epic Games/4.14/Engine/Plugins/Runtime/LinuxDeviceProfileSelector/LinuxDeviceProfileSelector.uplugin
LogPluginManager: Loaded Plugin MIDIDevice, From C:/Program Files (x86)/Epic Games/4.14/Engine/Plugins/Runtime/MIDIDevice/MIDIDevice.uplugin
LogPluginManager: Loaded Plugin MobilePatchingUtils, From C:/Program Files (x86)/Epic Games/4.14/Engine/Plugins/Runtime/MobilePatchingUtils/MobilePatchingUtils.uplugin
LogPluginManager: Loaded Plugin Ansel, From C:/Program Files (x86)/Epic Games/4.14/Engine/Plugins/Runtime/Nvidia/Ansel/Ansel.uplugin
LogPluginManager: Loaded Plugin OculusAudio, From C:/Program Files (x86)/Epic Games/4.14/Engine/Plugins/Runtime/OculusAudio/OculusAudio.uplugin
LogPluginManager: Loaded Plugin OculusInput, From C:/Program Files (x86)/Epic Games/4.14/Engine/Plugins/Runtime/OculusInput/OculusInput.uplugin
LogPluginManager: Loaded Plugin OculusLibrary, From C:/Program Files (x86)/Epic Games/4.14/Engine/Plugins/Runtime/OculusLibrary/OculusLibrary.uplugin
LogPluginManager: Loaded Plugin OculusRift, From C:/Program Files (x86)/Epic Games/4.14/Engine/Plugins/Runtime/OculusRift/OculusRift.uplugin
LogPluginManager: Loaded Plugin Oodle, From C:/Program Files (x86)/Epic Games/4.14/Engine/Plugins/Runtime/PacketHandlers/CompressionComponents/Oodle/Oodle.uplugin
LogPluginManager: Loaded Plugin ProceduralMeshComponent, From C:/Program Files (x86)/Epic Games/4.14/Engine/Plugins/Runtime/ProceduralMeshComponent/ProceduralMeshComponent.uplugin
LogPluginManager: Loaded Plugin SoundMod, From C:/Program Files (x86)/Epic Games/4.14/Engine/Plugins/Runtime/SoundMod/SoundMod.uplugin
LogPluginManager: Loaded Plugin SoundVisualizations, From C:/Program Files (x86)/Epic Games/4.14/Engine/Plugins/Runtime/SoundVisualizations/SoundVisualizations.uplugin
LogPluginManager: Loaded Plugin SteamController, From C:/Program Files (x86)/Epic Games/4.14/Engine/Plugins/Runtime/Steam/SteamController/SteamController.uplugin
LogPluginManager: Loaded Plugin SteamVR, From C:/Program Files (x86)/Epic Games/4.14/Engine/Plugins/Runtime/Steam/SteamVR/SteamVR.uplugin
LogPluginManager: Loaded Plugin WebBrowserWidget, From C:/Program Files (x86)/Epic Games/4.14/Engine/Plugins/Runtime/WebBrowserWidget/WebBrowserWidget.uplugin
LogPluginManager: Loaded Plugin WindowsDeviceProfileSelector, From C:/Program Files (x86)/Epic Games/4.14/Engine/Plugins/Runtime/WindowsDeviceProfileSelector/WindowsDeviceProfileSelector.uplugin
LogPluginManager: Loaded Plugin WindowsMoviePlayer, From C:/Program Files (x86)/Epic Games/4.14/Engine/Plugins/Runtime/WindowsMoviePlayer/WindowsMoviePlayer.uplugin
LogPluginManager: Loaded Plugin ScriptPlugin, From C:/Program Files (x86)/Epic Games/4.14/Engine/Plugins/ScriptPlugin/ScriptPlugin.uplugin
LogPluginManager: Loaded Plugin SlateRemote, From C:/Program Files (x86)/Epic Games/4.14/Engine/Plugins/Slate/SlateRemote/SlateRemote.uplugin
LogPluginManager: Loaded Plugin EditorTests, From C:/Program Files (x86)/Epic Games/4.14/Engine/Plugins/Tests/EditorTests/EditorTests.uplugin
LogPluginManager: Loaded Plugin FbxAutomationTestBuilder, From C:/Program Files (x86)/Epic Games/4.14/Engine/Plugins/Tests/FbxAutomationTestBuilder/FbxAutomationTestBuilder.uplugin
LogPluginManager: Loaded Plugin FunctionalTestingEditor, From C:/Program Files (x86)/Epic Games/4.14/Engine/Plugins/Tests/FunctionalTestingEditor/FunctionalTestingEditor.uplugin
LogPluginManager: Loaded Plugin RuntimeTests, From C:/Program Files (x86)/Epic Games/4.14/Engine/Plugins/Tests/RuntimeTests/RuntimeTests.uplugin
LogPluginManager: Loaded Plugin ScreenshotTools, From C:/Program Files (x86)/Epic Games/4.14/Engine/Plugins/Tests/ScreenshotTools/ScreenshotTools.uplugin
LogInit: Using libcurl 7.47.1
LogInit:  - built for x86_64-pc-win32
LogInit:  - supports SSL with OpenSSL/1.0.2g
LogInit:  - supports HTTP deflate (compression) using libz 1.2.8
LogInit:  - other features:
LogInit:      CURL_VERSION_SSL
LogInit:      CURL_VERSION_LIBZ
LogInit:      CURL_VERSION_IPV6
LogInit:      CURL_VERSION_ASYNCHDNS
LogInit:      CURL_VERSION_LARGEFILE
LogInit:      CURL_VERSION_IDN
LogInit:  CurlRequestOptions (configurable via config and command line):
LogInit:  - bVerifyPeer = false  - Libcurl will NOT verify peer certificate
LogInit:  - bUseHttpProxy = false  - Libcurl will NOT use HTTP proxy
LogInit:  - bDontReuseConnections = false  - Libcurl will reuse connections
LogInit:  - CertBundlePath = nullptr  - Libcurl will use whatever was configured at build time.
LogInit: Build: ++UE4+Release-4.14-CL-3195953
LogInit: Engine Version: 4.14.0-3195953+++UE4+Release-4.14
LogInit: Compatible Engine Version: 4.14.0-3195953+++UE4+Release-4.14
LogInit: Net CL: 3195953
LogDevObjectVersion: Number of dev versions registered: 13
LogDevObjectVersion:   Dev-Blueprints (B0D832E4-1F89-4F0D-ACCF-7EB736FD4AA2): 7
LogDevObjectVersion:   Dev-Build (E1C64328-A22C-4D53-A36C-8E866417BD8C): 0
LogDevObjectVersion:   Dev-Core (375EC13C-06E4-48FB-B500-84F0262A717E): 1
LogDevObjectVersion:   Dev-Editor (E4B068ED-F494-42E9-A231-DA0B2E46BB41): 8
LogDevObjectVersion:   Dev-Framework (CFFC743F-43B0-4480-9391-14DF171D2073): 17
LogDevObjectVersion:   Dev-Mobile (B02B49B5-BB20-44E9-A304-32B752E40360): 0
LogDevObjectVersion:   Dev-Networking (A4E4105C-59A1-49B5-A7C5-40C4547EDFEE): 0
LogDevObjectVersion:   Dev-Online (39C831C9-5AE6-47DC-9A44-9C173E1C8E7C): 0
LogDevObjectVersion:   Dev-Physics (78F01B33-EBEA-4F98-B9B4-84EACCB95AA2): 0
LogDevObjectVersion:   Dev-Platform (6631380F-2D4D-43E0-8009-CF276956A95A): 0
LogDevObjectVersion:   Dev-Rendering (12F88B9F-8875-4AFC-A67C-D90C383ABD29): 12
LogDevObjectVersion:   Dev-Sequencer (7B5AE74C-D270-4C10-A958-57980B212A5A): 1
LogDevObjectVersion:   Dev-VR (D7296918-1DD6-4BDD-9DE2-64A83CC13884): 0
LogInit: Compiled (64-bit): Nov 12 2016 02:14:10
LogInit: Compiled with Visual C++: 19.00.23026.00
LogInit: Build Configuration: Development
LogInit: Branch Name: ++UE4+Release-4.14
LogInit: Command line:  
LogInit: Base directory: C:/Program Files (x86)/Epic Games/4.14/Engine/Binaries/Win64/
LogInit: Installed Engine Build: 1
LogInit: Presizing for max 8388607 objects, including 0 objects not considered by GC, pre-allocating 0 bytes for permanent pool.
LogInit: Object subsystem initialized
[2016.12.02-13.40.27:508][  0]LogConsoleManager:Display: Setting the console variable 'r.RHICmdBypass' with 'SetByProjectSetting' was ignored as it is lower priority than the previous 'SetBySystemSettingsIni'
[2016.12.02-13.40.27:523][  0]LogInit: Selected Device Profile: [Windows]
[2016.12.02-13.40.27:523][  0]LogInit: Applying CVar settings loaded from the selected device profile: [Windows]
[2016.12.02-13.40.27:683][  0]LogInit: Computer: DOM-YOGA
[2016.12.02-13.40.27:683][  0]LogInit: User: Dominic
[2016.12.02-13.40.27:683][  0]LogInit: CPU Page size=65536, Cores=2
[2016.12.02-13.40.27:683][  0]LogInit: High frequency timer resolution =2.531251 MHz
[2016.12.02-13.40.27:685][  0]LogMemory: Memory total: Physical=7.9GB (8GB approx)
[2016.12.02-13.40.27:685][  0]LogMemory: Platform Memory Stats for Windows
[2016.12.02-13.40.27:685][  0]LogMemory: Process Physical Memory: 264.36 MB used, 264.36 MB peak
[2016.12.02-13.40.27:685][  0]LogMemory: Process Virtual Memory: 262.50 MB used, 262.50 MB peak
[2016.12.02-13.40.27:685][  0]LogMemory: Physical Memory: 5693.23 MB used,  2404.68 MB free, 8097.91 MB total
[2016.12.02-13.40.27:685][  0]LogMemory: Virtual Memory: 674.68 MB used,  2404.68 MB free, 134217728.00 MB total
[2016.12.02-13.40.27:897][  0]LogTextLocalizationManager: No translations for ('de-CH') exist, falling back to 'en' for localization and internationalization data.
[2016.12.02-13.40.29:253][  0]LogD3D11RHI: D3D11 adapters:
[2016.12.02-13.40.29:264][  0]LogD3D11RHI:    0. 'Intel(R) HD Graphics 520' (Feature Level 11_0)
[2016.12.02-13.40.29:264][  0]LogD3D11RHI:       128/0/4048 MB DedicatedVideo/DedicatedSystem/SharedSystem, Outputs:1, VendorId:0x8086
[2016.12.02-13.40.29:266][  0]LogD3D11RHI:    1. 'Microsoft Basic Render Driver' (Feature Level 11_0)
[2016.12.02-13.40.29:267][  0]LogD3D11RHI:       0/0/4048 MB DedicatedVideo/DedicatedSystem/SharedSystem, Outputs:0, VendorId:0x1414
[2016.12.02-13.40.29:267][  0]LogD3D11RHI: Chosen D3D11 Adapter: 0
[2016.12.02-13.40.29:277][  0]LogD3D11RHI: Creating new Direct3DDevice
[2016.12.02-13.40.29:277][  0]LogD3D11RHI:     GPU DeviceId: 0x1916 (for the marketing name, search the web for "GPU Device Id")
[2016.12.02-13.40.29:277][  0]LogWindows: EnumDisplayDevices:
[2016.12.02-13.40.29:278][  0]LogWindows:    0. 'Intel(R) HD Graphics 520' (P:1 D:1)
[2016.12.02-13.40.29:278][  0]LogWindows:    1. 'Intel(R) HD Graphics 520' (P:0 D:0)
[2016.12.02-13.40.29:278][  0]LogWindows:    2. 'Intel(R) HD Graphics 520' (P:0 D:0)
[2016.12.02-13.40.29:279][  0]LogWindows: DebugString: FoundDriverCount:3 
[2016.12.02-13.40.29:279][  0]LogD3D11RHI:     Adapter Name: Intel(R) HD Graphics 520
[2016.12.02-13.40.29:279][  0]LogD3D11RHI:   Driver Version: 20.19.15.4326 (internal:20.19.15.4326, unified:20.19.15.4326)
[2016.12.02-13.40.29:279][  0]LogD3D11RHI:      Driver Date: 11-18-2015
[2016.12.02-13.40.29:279][  0]LogRHI: Texture pool is 1361 MB (70% of 1945 MB)
[2016.12.02-13.40.29:289][  0]LogD3D11RHI: Async texture creation enabled
[2016.12.02-13.40.29:334][  0]LogD3D11RHI: GPU Timing Frequency: 12.000000 (Debug: 2 0)
[2016.12.02-13.40.29:345][  0]LogShaderCompilers: Guid format shader working directory is 34 characters bigger than the processId version (E:/MyProject2/Intermediate/Shaders/WorkingDirectory/10720/).
[2016.12.02-13.40.29:345][  0]LogShaderCompilers: Cleaned the shader compiler working directory 'C:/Users/Dominic/AppData/Local/Temp/UnrealShaderWorkingDir/B4790D464B0845579B0FC1A9744171C4/'.
[2016.12.02-13.40.29:346][  0]LogShaderCompilers:Display: Using Local Shader Compiler.
[2016.12.02-13.40.31:143][  0]LogTemp:Display: Loaded TP AllDesktopTargetPlatform
[2016.12.02-13.40.31:237][  0]LogTemp:Display: Loaded TP MacClientTargetPlatform
[2016.12.02-13.40.31:339][  0]LogTemp:Display: Loaded TP MacNoEditorTargetPlatform
[2016.12.02-13.40.31:423][  0]LogTemp:Display: Loaded TP MacServerTargetPlatform
[2016.12.02-13.40.31:516][  0]LogTemp:Display: Loaded TP MacTargetPlatform
[2016.12.02-13.40.31:614][  0]LogTemp:Display: Loaded TP WindowsClientTargetPlatform
[2016.12.02-13.40.31:755][  0]LogTemp:Display: Loaded TP WindowsNoEditorTargetPlatform
[2016.12.02-13.40.31:843][  0]LogTemp:Display: Loaded TP WindowsServerTargetPlatform
[2016.12.02-13.40.31:970][  0]LogTemp:Display: Loaded TP WindowsTargetPlatform
[2016.12.02-13.40.32:072][  0]LogTemp:Display: Loaded TP AndroidTargetPlatform
[2016.12.02-13.40.32:159][  0]LogTemp:Display: Loaded TP Android_ASTCTargetPlatform
[2016.12.02-13.40.32:240][  0]LogTemp:Display: Loaded TP Android_ATCTargetPlatform
[2016.12.02-13.40.32:365][  0]LogTemp:Display: Loaded TP Android_DXTTargetPlatform
[2016.12.02-13.40.32:450][  0]LogTemp:Display: Loaded TP Android_ETC1TargetPlatform
[2016.12.02-13.40.32:571][  0]LogTemp:Display: Loaded TP Android_ETC2TargetPlatform
[2016.12.02-13.40.32:770][  0]LogTemp:Display: Loaded TP Android_MultiTargetPlatform
[2016.12.02-13.40.32:770][  0]LogTemp:Display: Loaded TP Android_PVRTCTargetPlatform
[2016.12.02-13.40.32:839][  0]LogTemp:Display: Loaded TP HTML5TargetPlatform
[2016.12.02-13.40.32:988][  0]LogTemp:Display: Loaded TP IOSTargetPlatform
[2016.12.02-13.40.33:051][  0]LogTemp:Display: Loaded TP TVOSTargetPlatform
[2016.12.02-13.40.33:168][  0]LogTemp:Display: Loaded TP LinuxClientTargetPlatform
[2016.12.02-13.40.33:258][  0]LogTemp:Display: Loaded TP LinuxNoEditorTargetPlatform
[2016.12.02-13.40.33:383][  0]LogTemp:Display: Loaded TP LinuxServerTargetPlatform
[2016.12.02-13.40.33:489][  0]LogTemp:Display: Loaded TP LinuxTargetPlatform
[2016.12.02-13.40.33:489][  0]LogTargetPlatformManager:Display: Building Assets For Windows
[2016.12.02-13.40.34:203][  0]LogDerivedDataCache:Display: Max Cache Size: 512 MB
[2016.12.02-13.40.34:505][  0]LogDerivedDataCache: Loaded boot cache 0.30s 51MB C:/Users/Dominic/AppData/Local/UnrealEngine/4.14/DerivedDataCache/Boot.ddc.
[2016.12.02-13.40.34:505][  0]LogDerivedDataCache:Display: Loaded Boot cache: C:/Users/Dominic/AppData/Local/UnrealEngine/4.14/DerivedDataCache/Boot.ddc
[2016.12.02-13.40.34:505][  0]LogDerivedDataCache: FDerivedDataBackendGraph:  Pak pak cache file E:/MyProject2/DerivedDataCache/DDC.ddp not found, will not use a pak cache.
[2016.12.02-13.40.34:505][  0]LogDerivedDataCache: Unable to find inner node Pak for hierarchical cache Hierarchy.
[2016.12.02-13.40.34:505][  0]LogDerivedDataCache: FDerivedDataBackendGraph:  CompressedPak pak cache file E:/MyProject2/DerivedDataCache/Compressed.ddp not found, will not use a pak cache.
[2016.12.02-13.40.34:505][  0]LogDerivedDataCache: Unable to find inner node CompressedPak for hierarchical cache Hierarchy.
[2016.12.02-13.40.34:531][  0]LogDerivedDataCache:Display: Pak cache opened for reading ../../../Engine/DerivedDataCache/Compressed.ddp.
[2016.12.02-13.40.34:545][  0]LogDerivedDataCache: Using Local data cache path C:/Users/Dominic/AppData/Local/UnrealEngine/Common/DerivedDataCache: Writable
[2016.12.02-13.40.35:641][  0]LogInit: Selected Device Profile: [Windows]
[2016.12.02-13.40.35:657][  0]LogContentStreaming: Texture pool size is 0.00 MB
[2016.12.02-13.40.36:076][  0]LogMeshUtilities: Using QuadricMeshReduction for automatic static mesh reduction
[2016.12.02-13.40.36:170][  0]LogSimplygon: Simplygon DLL not present - disabling.
[2016.12.02-13.40.36:273][  0]LogMeshUtilities: Using SimplygonSwarm for distributed automatic mesh merging
[2016.12.02-13.40.36:273][  0]LogMeshUtilities: No automatic skeletal mesh reduction module available
[2016.12.02-13.40.36:273][  0]LogMeshUtilities: No automatic mesh merging module available
[2016.12.02-13.40.37:826][  0]LogNetVersion: GetLocalNetworkVersion: CL: 3195953, ProjectName: myproject2, ProjectVersion: , EngineNetworkVersion: 2, GameNetworkVersion: 0, NetworkChecksum: 178977787
[2016.12.02-13.40.37:923][  0]LogAssetRegistry: FAssetRegistry took 0.0304 seconds to start up
[2016.12.02-13.40.38:369][  0]LogPackageLocalizationCache: Processed 3 localized package path(s) for 1 prioritized culture(s) in 0.402635 seconds
[2016.12.02-13.40.38:380][  0]LogUObjectArray: 31946 objects as part of root set at end of initial load.
[2016.12.02-13.40.38:380][  0]LogUObjectAllocator: 6935840 out of 0 bytes used by permanent object pool.
[2016.12.02-13.40.38:380][  0]LogUObjectArray: CloseDisregardForGC: 0/0 objects in disregard for GC pool
[2016.12.02-13.40.38:467][  0]LogInit: WinSock: version 1.1 (2.2), MaxSocks=32767, MaxUdp=65467
[2016.12.02-13.40.40:085][  0]LogSlate: Using Freetype 2.6.0
[2016.12.02-13.40.40:089][  0]LogSlate: SlateFontCache - WITH_FREETYPE: 1, WITH_HARFBUZZ: 1
[2016.12.02-13.40.40:090][  0]LogSlate: SlateFontCache - WITH_FREETYPE: 1, WITH_HARFBUZZ: 1
[2016.12.02-13.40.43:507][  0]LogTcpMessaging: Initializing TcpMessaging bridge
[2016.12.02-13.40.43:572][  0]LogUdpMessaging: Initializing bridge on interface 0.0.0.0:0 to multicast group 230.0.0.1:6666.
[2016.12.02-13.40.46:026][  0]LogMaterial: Uniform references updated for custom material expression Custom.
[2016.12.02-13.40.47:534][  0]SourceControl: Info Source control is disabled
[2016.12.02-13.40.47:622][  0]SourceControl: Info Source control is disabled
[2016.12.02-13.40.47:742][  0]SourceControl: Info Source control is disabled
[2016.12.02-13.40.47:826][  0]SourceControl: Info Source control is disabled
[2016.12.02-13.40.50:333][  0]LogEngine: Initializing Engine...
[2016.12.02-13.40.50:337][  0]LogHMD: Failed to initialize OpenVR with code 110
[2016.12.02-13.40.50:858][  0]LogAIModule: Creating AISystem for world Untitled
[2016.12.02-13.40.50:907][  0]LogInit: XAudio2 using 'Speakers (Realtek High Definition Audio)' : 2 channels at 48 kHz using 32 bits per sample (channel mask 0x3)
[2016.12.02-13.40.50:939][  0]LogInit: FAudioDevice initialized.
[2016.12.02-13.40.50:982][  0]LogDerivedDataCache: Saved boot cache 0.04s 51MB C:/Users/Dominic/AppData/Local/UnrealEngine/4.14/DerivedDataCache/Boot.ddc.
[2016.12.02-13.40.50:989][  0]LogInit: Texture streaming: Enabled
[2016.12.02-13.40.51:313][  0]LogInit: Transaction tracking system initialized
[2016.12.02-13.40.51:983][  0]BlueprintLog: New page: Editor Load
[2016.12.02-13.40.53:718][  0]LocalizationService: Info Localization service is disabled
[2016.12.02-13.40.55:308][  0]LogConsoleResponse:Display: 
[2016.12.02-13.40.55:665][  0]LogCook:Display: Max memory allowance for cook 16384mb min free memory 0mb
[2016.12.02-13.40.55:666][  0]LogCook:Display: Mobile HDR setting 1
[2016.12.02-13.40.56:561][  0]LogFileCache: Scanning file cache for directory 'E:/MyProject2/Content/' took 0.03s
[2016.12.02-13.40.57:396][  0]SourceControl: Info Source control is disabled
[2016.12.02-13.40.57:401][  0]Cmd: MAP LOAD FILE="E:/MyProject2/Content/VirtualRealityBP/Maps/MotionControllerMap.umap" TEMPLATE=0 SHOWPROGRESS=1 FEATURELEVEL=3
[2016.12.02-13.40.57:405][  0]LightingResults: New page: Lighting Build
[2016.12.02-13.40.57:576][  0]MapCheck: New page: Map Check
[2016.12.02-13.40.57:576][  0]LightingResults: New page: Lighting Build
[2016.12.02-13.40.59:140][  0]LogAIModule: Creating AISystem for world MotionControllerMap
[2016.12.02-13.40.59:216][  0]LogEditorServer: Finished looking for orphan Actors (0.001 secs)
[2016.12.02-13.40.59:243][  0]Cmd: MAP CHECKDEP NOCLEARLOG
[2016.12.02-13.40.59:358][  0]MapCheck: Info Map check complete: 0 Error(s), 0 Warning(s), took 114.789ms to complete.
[2016.12.02-13.40.59:358][  0]LogFileHelpers: Loading map 'MotionControllerMap' took 1.959
[2016.12.02-13.40.59:490][  0]LogWindowsTextInputMethodSystem:Display: IME system now deactivated.
[2016.12.02-13.40.59:490][  0]LogWindowsTextInputMethodSystem:Display: IME system now deactivated.
[2016.12.02-13.40.59:744][  0]LogCollectionManager: Loaded 0 collections in 0.002717 seconds
[2016.12.02-13.40.59:886][  0]LogFileCache: Scanning file cache for directory 'E:/MyProject2/Saved/Collections/' took 0.02s
[2016.12.02-13.40.59:886][  0]LogFileCache: Scanning file cache for directory 'E:/MyProject2/Content/Developers/Dominic/Collections/' took 0.01s
[2016.12.02-13.40.59:886][  0]LogFileCache: Scanning file cache for directory 'E:/MyProject2/Content/Collections/' took 0.00s
[2016.12.02-13.40.59:886][  0]LogCollectionManager: Rebuilt the GUID cache for 0 collections in 0.000002 seconds
[2016.12.02-13.40.59:904][  0]LogContentBrowser: Native class hierarchy populated in 0.0139 seconds. Added 2190 classes and 428 folders.
[2016.12.02-13.40.59:973][  0]LogStats: UGameplayTagsManager::ConstructGameplayTagTree: Construct from data asset -  0.000 s
[2016.12.02-13.40.59:973][  0]LogStats: UGameplayTagsManager::ConstructGameplayTagTree: GameplayTagTreeChangedEvent.Broadcast -  0.000 s
[2016.12.02-13.40.59:975][  0]LogContentBrowser: Native class hierarchy updated for 'GameplayTags' in 0.0011 seconds. Added 13 classes and 0 folders.
[2016.12.02-13.41.00:077][  0]LogContentBrowser: Native class hierarchy updated for 'WidgetCarousel' in 0.0007 seconds. Added 0 classes and 0 folders.
[2016.12.02-13.41.00:282][  0]LogContentBrowser: Native class hierarchy updated for 'AddContentDialog' in 0.0007 seconds. Added 0 classes and 0 folders.
[2016.12.02-13.41.00:366][  0]LogContentBrowser: Native class hierarchy updated for 'SceneOutliner' in 0.0015 seconds. Added 1 classes and 2 folders.
[2016.12.02-13.41.00:652][  0]LogCrashTracker: Crashtracker disabled due to settings.
[2016.12.02-13.41.00:686][  0]LogUObjectGlobals:Warning: Failed to find object 'Class None.'
[2016.12.02-13.41.00:796][  0]LogContentBrowser: Native class hierarchy updated for 'HierarchicalLODOutliner' in 0.0008 seconds. Added 1 classes and 2 folders.
[2016.12.02-13.41.00:796][  0]LogLoad: (Engine Initialization) Total time: 45.22 seconds
[2016.12.02-13.41.00:796][  0]LogLoad: (Engine Initialization) Total Blueprint compile time: 0.49 seconds
[2016.12.02-13.41.00:797][  0]LogExternalProfiler: Found external profiler: VSPerf
[2016.12.02-13.41.00:797][  0]LogExternalProfiler: Using external profiler: VSPerf
[2016.12.02-13.41.00:822][  0]LogOcInput: OculusInput pre-init called
[2016.12.02-13.41.00:878][  0]LogContentStreaming: Texture pool size now 1000 MB
[2016.12.02-13.41.01:170][  0]LogRenderer: Reallocating scene render targets to support 748x372 NumSamples 1 (Frame:2).
[2016.12.02-13.41.02:963][  3]LogAssetRegistry: Asset discovery search completed in 25.0681 seconds
[2016.12.02-13.41.02:963][  3]LogCollectionManager: Rebuilt the object cache for 0 collections in 0.000000 seconds (found 0 objects)
[2016.12.02-13.41.02:963][  3]LogCollectionManager: Fixed up redirectors for 0 collections in 0.000016 seconds (updated 0 objects)
[2016.12.02-13.41.24:466][343]LogContentBrowser: Native class hierarchy updated for 'BlueprintGraph' in 0.0009 seconds. Added 111 classes and 0 folders.
[2016.12.02-13.41.24:572][343]LogBlueprintSupport:Warning: Editor config [EditoronlyBP] settings are DEPRECATED. You're not explicitly setting any, but they've been defaulting to off. If you are relying on this functionality, then please fix it up so your Blueprints don't break in a future release.
[2016.12.02-13.45.17:707][991]BlueprintLog: New page: Compile MotionControllerPawn
[2016.12.02-13.45.19:328][ 65]Cmd: OBJ SAVEPACKAGE PACKAGE="/Game/VirtualRealityBP/Blueprints/MotionControllerPawn" FILE="E:/MyProject2/Content/VirtualRealityBP/Blueprints/MotionControllerPawn.uasset" SILENT=true
[2016.12.02-13.45.33:394][ 65]LogSavePackage: Save=13119.40ms
[2016.12.02-13.45.33:394][ 65]LogSavePackage: Moving 'E:/MyProject2/Saved/MotionControllerPawn9D8D96B6498AC7128F5A479E95428240.tmp' to 'E:/MyProject2/Content/VirtualRealityBP/Blueprints/MotionControllerPawn.uasset'
[2016.12.02-13.45.33:914][ 65]LogSavePackage:Display: Finished SavePackage E:/MyProject2/Content/VirtualRealityBP/Blueprints/MotionControllerPawn.uasset
[2016.12.02-13.54.04:146][115]LogWindowsTextInputMethodSystem:Error: Activating a context failed while setting focus on a TSF document manager. Falscher Parameter. (0x80070057)
[2016.12.02-13.58.08:030][527]LogEditorTransaction: Undo Delete current selection
[2016.12.02-14.01.32:217][627]Cmd: OBJ SAVEPACKAGE PACKAGE="/Game/VirtualRealityBP/Blueprints/MotionControllerPawn" FILE="E:/MyProject2/Content/VirtualRealityBP/Blueprints/MotionControllerPawn.uasset" SILENT=true
[2016.12.02-14.01.47:552][627]LogSavePackage: Save=14043.79ms
[2016.12.02-14.01.47:552][627]LogSavePackage: Moving 'E:/MyProject2/Saved/MotionControllerPawnDABB9C27482BDCA2E68AC4ACD2032C6D.tmp' to 'E:/MyProject2/Content/VirtualRealityBP/Blueprints/MotionControllerPawn.uasset'
[2016.12.02-14.01.48:421][627]LogSavePackage:Display: Finished SavePackage E:/MyProject2/Content/VirtualRealityBP/Blueprints/MotionControllerPawn.uasset
[2016.12.02-14.02.12:441][638]LogSavePackage: Save=18559.24ms
[2016.12.02-14.02.12:441][638]LogSavePackage: Moving 'E:/MyProject2/Saved/MotionControllerMap_Auto1292E100F4CBA0B2783D49F831D8E9723.tmp' to 'E:/MyProject2/Saved/Autosaves/Game/VirtualRealityBP/Maps/MotionControllerMap_Auto1.umap'
[2016.12.02-14.02.12:872][638]LogSavePackage:Display: Finished SavePackage E:/MyProject2/Saved/Autosaves/Game/VirtualRealityBP/Maps/MotionControllerMap_Auto1.umap
[2016.12.02-14.02.13:651][638]LogFileHelpers: Editor autosave (incl. sublevels) for '/Game/VirtualRealityBP/Maps/MotionControllerMap' took 20.752
[2016.12.02-14.02.13:651][638]LogFileHelpers: Editor autosave (incl. sublevels) for all levels took 20.752
[2016.12.02-14.02.48:357][692]BlueprintLog: New page: Compile MotionControllerPawn
