Log file open, 12/09/16 09:45:02
LogInit:Display: Running engine for game: VRJumping
LogPlatformFile: Not using cached read wrapper
LogInit:Display: RandInit(-1194191847) SRandInit(-1194191847).
LogTaskGraph: Started task graph with 5 named threads and 6 total threads with 1 sets of task threads.
LogStats: Stats thread started at 0.101586
LogPluginManager: Loaded Plugin Paper2D, From C:/Program Files (x86)/Epic Games/4.14/Engine/Plugins/2D/Paper2D/Paper2D.uplugin
LogPluginManager: Loaded Plugin LightPropagationVolume, From C:/Program Files (x86)/Epic Games/4.14/Engine/Plugins/Blendables/LightPropagationVolume/LightPropagationVolume.uplugin
LogPluginManager: Loaded Plugin BlankPlugin, From C:/Program Files (x86)/Epic Games/4.14/Engine/Plugins/Developer/BlankPlugin/BlankPlugin.uplugin
LogPluginManager: Loaded Plugin CodeLiteSourceCodeAccess, From C:/Program Files (x86)/Epic Games/4.14/Engine/Plugins/Developer/CodeLiteSourceCodeAccess/CodeLiteSourceCodeAccess.uplugin
LogPluginManager: Loaded Plugin GitSourceControl, From C:/Program Files (x86)/Epic Games/4.14/Engine/Plugins/Developer/GitSourceControl/GitSourceControl.uplugin
LogPluginManager: Loaded Plugin KDevelopSourceCodeAccess, From C:/Program Files (x86)/Epic Games/4.14/Engine/Plugins/Developer/KDevelopSourceCodeAccess/KDevelopSourceCodeAccess.uplugin
LogPluginManager: Loaded Plugin NullSourceCodeAccess, From C:/Program Files (x86)/Epic Games/4.14/Engine/Plugins/Developer/NullSourceCodeAccess/NullSourceCodeAccess.uplugin
LogPluginManager: Loaded Plugin OneSkyLocalizationService, From C:/Program Files (x86)/Epic Games/4.14/Engine/Plugins/Developer/OneSkyLocalizationService/OneSkyLocalizationService.uplugin
LogPluginManager: Loaded Plugin PerforceSourceControl, From C:/Program Files (x86)/Epic Games/4.14/Engine/Plugins/Developer/PerforceSourceControl/PerforceSourceControl.uplugin
LogPluginManager: Loaded Plugin SubversionSourceControl, From C:/Program Files (x86)/Epic Games/4.14/Engine/Plugins/Developer/SubversionSourceControl/SubversionSourceControl.uplugin
LogPluginManager: Loaded Plugin UObjectPlugin, From C:/Program Files (x86)/Epic Games/4.14/Engine/Plugins/Developer/UObjectPlugin/UObjectPlugin.uplugin
LogPluginManager: Loaded Plugin VisualStudioSourceCodeAccess, From C:/Program Files (x86)/Epic Games/4.14/Engine/Plugins/Developer/VisualStudioSourceCodeAccess/VisualStudioSourceCodeAccess.uplugin
LogPluginManager: Loaded Plugin XCodeSourceCodeAccess, From C:/Program Files (x86)/Epic Games/4.14/Engine/Plugins/Developer/XCodeSourceCodeAccess/XCodeSourceCodeAccess.uplugin
LogPluginManager: Loaded Plugin AudioCapture, From C:/Program Files (x86)/Epic Games/4.14/Engine/Plugins/Editor/AudioCapture/AudioCapture.uplugin
LogPluginManager: Loaded Plugin EpicSurvey, From C:/Program Files (x86)/Epic Games/4.14/Engine/Plugins/Editor/EpicSurvey/EpicSurvey.uplugin
LogPluginManager: Loaded Plugin MacGraphicsSwitching, From C:/Program Files (x86)/Epic Games/4.14/Engine/Plugins/Editor/MacGraphicsSwitching/MacGraphicsSwitching.uplugin
LogPluginManager: Loaded Plugin MobileLauncherProfileWizard, From C:/Program Files (x86)/Epic Games/4.14/Engine/Plugins/Editor/MobileLauncherProfileWizard/MobileLauncherProfileWizard.uplugin
LogPluginManager: Loaded Plugin PluginBrowser, From C:/Program Files (x86)/Epic Games/4.14/Engine/Plugins/Editor/PluginBrowser/PluginBrowser.uplugin
LogPluginManager: Loaded Plugin SpeedTreeImporter, From C:/Program Files (x86)/Epic Games/4.14/Engine/Plugins/Editor/SpeedTreeImporter/SpeedTreeImporter.uplugin
LogPluginManager: Loaded Plugin SuperSearchEditor, From C:/Program Files (x86)/Epic Games/4.14/Engine/Plugins/Editor/SuperSearchEditor/SuperSearchEditor.uplugin
LogPluginManager: Loaded Plugin AlembicImporter, From C:/Program Files (x86)/Epic Games/4.14/Engine/Plugins/Experimental/AlembicImporter/AlembicImporter.uplugin
LogPluginManager: Loaded Plugin BlueprintStats, From C:/Program Files (x86)/Epic Games/4.14/Engine/Plugins/Experimental/BlueprintStats/BlueprintStats.uplugin
LogPluginManager: Loaded Plugin CharacterAI, From C:/Program Files (x86)/Epic Games/4.14/Engine/Plugins/Experimental/CharacterAI/CharacterAI.uplugin
LogPluginManager: Loaded Plugin CodeEditor, From C:/Program Files (x86)/Epic Games/4.14/Engine/Plugins/Experimental/CodeEditor/CodeEditor.uplugin
LogPluginManager: Loaded Plugin CodeView, From C:/Program Files (x86)/Epic Games/4.14/Engine/Plugins/Experimental/CodeView/CodeView.uplugin
LogPluginManager: Loaded Plugin HTML5Networking, From C:/Program Files (x86)/Epic Games/4.14/Engine/Plugins/Experimental/HTML5Networking/HTML5Networking.uplugin
LogPluginManager: Loaded Plugin OSVR, From C:/Program Files (x86)/Epic Games/4.14/Engine/Plugins/Experimental/OSVR/OSVR.uplugin
LogPluginManager: Loaded Plugin Phya, From C:/Program Files (x86)/Epic Games/4.14/Engine/Plugins/Experimental/Phya/Phya.uplugin
LogPluginManager: Loaded Plugin SignificanceManager, From C:/Program Files (x86)/Epic Games/4.14/Engine/Plugins/Experimental/SignificanceManager/SignificanceManager.uplugin
LogPluginManager: Loaded Plugin SimpleHMD, From C:/Program Files (x86)/Epic Games/4.14/Engine/Plugins/Experimental/SimpleHMD/SimpleHMD.uplugin
LogPluginManager: Loaded Plugin StereoPanorama, From C:/Program Files (x86)/Epic Games/4.14/Engine/Plugins/Experimental/StereoPanorama/StereoPanorama.uplugin
LogPluginManager: Loaded Plugin StructBox, From C:/Program Files (x86)/Epic Games/4.14/Engine/Plugins/Experimental/StructBox/StructBox.uplugin
LogPluginManager: Loaded Plugin AndroidMedia, From C:/Program Files (x86)/Epic Games/4.14/Engine/Plugins/Media/AndroidMedia/AndroidMedia.uplugin
LogPluginManager: Loaded Plugin AvfMedia, From C:/Program Files (x86)/Epic Games/4.14/Engine/Plugins/Media/AvfMedia/AvfMedia.uplugin
LogPluginManager: Loaded Plugin MediaPlayerEditor, From C:/Program Files (x86)/Epic Games/4.14/Engine/Plugins/Media/MediaPlayerEditor/MediaPlayerEditor.uplugin
LogPluginManager: Loaded Plugin WmfMedia, From C:/Program Files (x86)/Epic Games/4.14/Engine/Plugins/Media/WmfMedia/WmfMedia.uplugin
LogPluginManager: Loaded Plugin MessagingDebugger, From C:/Program Files (x86)/Epic Games/4.14/Engine/Plugins/Messaging/MessagingDebugger/MessagingDebugger.uplugin
LogPluginManager: Loaded Plugin TcpMessaging, From C:/Program Files (x86)/Epic Games/4.14/Engine/Plugins/Messaging/TcpMessaging/TcpMessaging.uplugin
LogPluginManager: Loaded Plugin UdpMessaging, From C:/Program Files (x86)/Epic Games/4.14/Engine/Plugins/Messaging/UdpMessaging/UdpMessaging.uplugin
LogPluginManager: Loaded Plugin LevelSequenceEditor, From C:/Program Files (x86)/Epic Games/4.14/Engine/Plugins/MovieScene/LevelSequenceEditor/LevelSequenceEditor.uplugin
LogPluginManager: Loaded Plugin MatineeToLevelSequence, From C:/Program Files (x86)/Epic Games/4.14/Engine/Plugins/MovieScene/MatineeToLevelSequence/MatineeToLevelSequence.uplugin
LogPluginManager: Loaded Plugin NetcodeUnitTest, From C:/Program Files (x86)/Epic Games/4.14/Engine/Plugins/NetcodeUnitTest/NetcodeUnitTest/NetcodeUnitTest.uplugin
LogPluginManager: Loaded Plugin NUTUnrealEngine4, From C:/Program Files (x86)/Epic Games/4.14/Engine/Plugins/NetcodeUnitTest/NUTUnrealEngine4/NUTUnrealEngine4.uplugin
LogPluginManager: Loaded Plugin OnlineSubsystemGameCircle, From C:/Program Files (x86)/Epic Games/4.14/Engine/Plugins/Online/Android/OnlineSubsystemGameCircle/OnlineSubsystemGameCircle.uplugin
LogPluginManager: Loaded Plugin OnlineSubsystemGooglePlay, From C:/Program Files (x86)/Epic Games/4.14/Engine/Plugins/Online/Android/OnlineSubsystemGooglePlay/OnlineSubsystemGooglePlay.uplugin
LogPluginManager: Loaded Plugin OnlineSubsystemIOS, From C:/Program Files (x86)/Epic Games/4.14/Engine/Plugins/Online/IOS/OnlineSubsystemIOS/OnlineSubsystemIOS.uplugin
LogPluginManager: Loaded Plugin OnlineFramework, From C:/Program Files (x86)/Epic Games/4.14/Engine/Plugins/Online/OnlineFramework/OnlineFramework.uplugin
LogPluginManager: Loaded Plugin OnlineSubsystem, From C:/Program Files (x86)/Epic Games/4.14/Engine/Plugins/Online/OnlineSubsystem/OnlineSubsystem.uplugin
LogPluginManager: Loaded Plugin OnlineSubsystemAmazon, From C:/Program Files (x86)/Epic Games/4.14/Engine/Plugins/Online/OnlineSubsystemAmazon/OnlineSubsystemAmazon.uplugin
LogPluginManager: Loaded Plugin OnlineSubsystemFacebook, From C:/Program Files (x86)/Epic Games/4.14/Engine/Plugins/Online/OnlineSubsystemFacebook/OnlineSubsystemFacebook.uplugin
LogPluginManager: Loaded Plugin OnlineSubsystemNull, From C:/Program Files (x86)/Epic Games/4.14/Engine/Plugins/Online/OnlineSubsystemNull/OnlineSubsystemNull.uplugin
LogPluginManager: Loaded Plugin OnlineSubsystemOculus, From C:/Program Files (x86)/Epic Games/4.14/Engine/Plugins/Online/OnlineSubsystemOculus/OnlineSubsystemOculus.uplugin
LogPluginManager: Loaded Plugin OnlineSubsystemSteam, From C:/Program Files (x86)/Epic Games/4.14/Engine/Plugins/Online/OnlineSubsystemSteam/OnlineSubsystemSteam.uplugin
LogPluginManager: Loaded Plugin OnlineSubsystemUtils, From C:/Program Files (x86)/Epic Games/4.14/Engine/Plugins/Online/OnlineSubsystemUtils/OnlineSubsystemUtils.uplugin
LogPluginManager: Loaded Plugin IOSTapJoy, From C:/Program Files (x86)/Epic Games/4.14/Engine/Plugins/Runtime/Advertising/IOSTapJoy/IOSTapJoy.uplugin
LogPluginManager: Loaded Plugin AnalyticsBlueprintLibrary, From C:/Program Files (x86)/Epic Games/4.14/Engine/Plugins/Runtime/Analytics/AnalyticsBlueprintLibrary/AnalyticsBlueprintLibrary.uplugin
LogPluginManager: Loaded Plugin AnalyticsMulticast, From C:/Program Files (x86)/Epic Games/4.14/Engine/Plugins/Runtime/Analytics/AnalyticsMulticast/AnalyticsMulticast.uplugin
LogPluginManager: Loaded Plugin Apsalar, From C:/Program Files (x86)/Epic Games/4.14/Engine/Plugins/Runtime/Analytics/Apsalar/Apsalar.uplugin
LogPluginManager: Loaded Plugin FileLogging, From C:/Program Files (x86)/Epic Games/4.14/Engine/Plugins/Runtime/Analytics/FileLogging/FileLogging.uplugin
LogPluginManager: Loaded Plugin Flurry, From C:/Program Files (x86)/Epic Games/4.14/Engine/Plugins/Runtime/Analytics/Flurry/Flurry.uplugin
LogPluginManager: Loaded Plugin AndroidDeviceProfileSelector, From C:/Program Files (x86)/Epic Games/4.14/Engine/Plugins/Runtime/AndroidDeviceProfileSelector/AndroidDeviceProfileSelector.uplugin
LogPluginManager: Loaded Plugin AndroidMoviePlayer, From C:/Program Files (x86)/Epic Games/4.14/Engine/Plugins/Runtime/AndroidMoviePlayer/AndroidMoviePlayer.uplugin
LogPluginManager: Loaded Plugin AppleMoviePlayer, From C:/Program Files (x86)/Epic Games/4.14/Engine/Plugins/Runtime/AppleMoviePlayer/AppleMoviePlayer.uplugin
LogPluginManager: Loaded Plugin ArchVisCharacter, From C:/Program Files (x86)/Epic Games/4.14/Engine/Plugins/Runtime/ArchVisCharacter/ArchVisCharacter.uplugin
LogPluginManager: Loaded Plugin CableComponent, From C:/Program Files (x86)/Epic Games/4.14/Engine/Plugins/Runtime/CableComponent/CableComponent.uplugin
LogPluginManager: Loaded Plugin CustomMeshComponent, From C:/Program Files (x86)/Epic Games/4.14/Engine/Plugins/Runtime/CustomMeshComponent/CustomMeshComponent.uplugin
LogPluginManager: Loaded Plugin ExampleDeviceProfileSelector, From C:/Program Files (x86)/Epic Games/4.14/Engine/Plugins/Runtime/ExampleDeviceProfileSelector/ExampleDeviceProfileSelector.uplugin
LogPluginManager: Loaded Plugin GearVR, From C:/Program Files (x86)/Epic Games/4.14/Engine/Plugins/Runtime/GearVR/GearVR.uplugin
LogPluginManager: Loaded Plugin GoogleVRController, From C:/Program Files (x86)/Epic Games/4.14/Engine/Plugins/Runtime/GoogleVR/GoogleVRController/GoogleVRController.uplugin
LogPluginManager: Loaded Plugin GoogleVRHMD, From C:/Program Files (x86)/Epic Games/4.14/Engine/Plugins/Runtime/GoogleVR/GoogleVRHMD/GoogleVRHMD.uplugin
LogPluginManager: Loaded Plugin IOSDeviceProfileSelector, From C:/Program Files (x86)/Epic Games/4.14/Engine/Plugins/Runtime/IOSDeviceProfileSelector/IOSDeviceProfileSelector.uplugin
LogPluginManager: Loaded Plugin LeapMotion, From C:/Program Files (x86)/Epic Games/4.14/Engine/Plugins/Runtime/LeapMotion/LeapMotion.uplugin
LogPluginManager: Loaded Plugin LinuxDeviceProfileSelector, From C:/Program Files (x86)/Epic Games/4.14/Engine/Plugins/Runtime/LinuxDeviceProfileSelector/LinuxDeviceProfileSelector.uplugin
LogPluginManager: Loaded Plugin MIDIDevice, From C:/Program Files (x86)/Epic Games/4.14/Engine/Plugins/Runtime/MIDIDevice/MIDIDevice.uplugin
LogPluginManager: Loaded Plugin MobilePatchingUtils, From C:/Program Files (x86)/Epic Games/4.14/Engine/Plugins/Runtime/MobilePatchingUtils/MobilePatchingUtils.uplugin
LogPluginManager: Loaded Plugin Ansel, From C:/Program Files (x86)/Epic Games/4.14/Engine/Plugins/Runtime/Nvidia/Ansel/Ansel.uplugin
LogPluginManager: Loaded Plugin OculusAudio, From C:/Program Files (x86)/Epic Games/4.14/Engine/Plugins/Runtime/OculusAudio/OculusAudio.uplugin
LogPluginManager: Loaded Plugin OculusInput, From C:/Program Files (x86)/Epic Games/4.14/Engine/Plugins/Runtime/OculusInput/OculusInput.uplugin
LogPluginManager: Loaded Plugin OculusLibrary, From C:/Program Files (x86)/Epic Games/4.14/Engine/Plugins/Runtime/OculusLibrary/OculusLibrary.uplugin
LogPluginManager: Loaded Plugin OculusRift, From C:/Program Files (x86)/Epic Games/4.14/Engine/Plugins/Runtime/OculusRift/OculusRift.uplugin
LogPluginManager: Loaded Plugin Oodle, From C:/Program Files (x86)/Epic Games/4.14/Engine/Plugins/Runtime/PacketHandlers/CompressionComponents/Oodle/Oodle.uplugin
LogPluginManager: Loaded Plugin ProceduralMeshComponent, From C:/Program Files (x86)/Epic Games/4.14/Engine/Plugins/Runtime/ProceduralMeshComponent/ProceduralMeshComponent.uplugin
LogPluginManager: Loaded Plugin SoundMod, From C:/Program Files (x86)/Epic Games/4.14/Engine/Plugins/Runtime/SoundMod/SoundMod.uplugin
LogPluginManager: Loaded Plugin SoundVisualizations, From C:/Program Files (x86)/Epic Games/4.14/Engine/Plugins/Runtime/SoundVisualizations/SoundVisualizations.uplugin
LogPluginManager: Loaded Plugin SteamController, From C:/Program Files (x86)/Epic Games/4.14/Engine/Plugins/Runtime/Steam/SteamController/SteamController.uplugin
LogPluginManager: Loaded Plugin SteamVR, From C:/Program Files (x86)/Epic Games/4.14/Engine/Plugins/Runtime/Steam/SteamVR/SteamVR.uplugin
LogPluginManager: Loaded Plugin WebBrowserWidget, From C:/Program Files (x86)/Epic Games/4.14/Engine/Plugins/Runtime/WebBrowserWidget/WebBrowserWidget.uplugin
LogPluginManager: Loaded Plugin WindowsDeviceProfileSelector, From C:/Program Files (x86)/Epic Games/4.14/Engine/Plugins/Runtime/WindowsDeviceProfileSelector/WindowsDeviceProfileSelector.uplugin
LogPluginManager: Loaded Plugin WindowsMoviePlayer, From C:/Program Files (x86)/Epic Games/4.14/Engine/Plugins/Runtime/WindowsMoviePlayer/WindowsMoviePlayer.uplugin
LogPluginManager: Loaded Plugin ScriptPlugin, From C:/Program Files (x86)/Epic Games/4.14/Engine/Plugins/ScriptPlugin/ScriptPlugin.uplugin
LogPluginManager: Loaded Plugin SlateRemote, From C:/Program Files (x86)/Epic Games/4.14/Engine/Plugins/Slate/SlateRemote/SlateRemote.uplugin
LogPluginManager: Loaded Plugin EditorTests, From C:/Program Files (x86)/Epic Games/4.14/Engine/Plugins/Tests/EditorTests/EditorTests.uplugin
LogPluginManager: Loaded Plugin FbxAutomationTestBuilder, From C:/Program Files (x86)/Epic Games/4.14/Engine/Plugins/Tests/FbxAutomationTestBuilder/FbxAutomationTestBuilder.uplugin
LogPluginManager: Loaded Plugin FunctionalTestingEditor, From C:/Program Files (x86)/Epic Games/4.14/Engine/Plugins/Tests/FunctionalTestingEditor/FunctionalTestingEditor.uplugin
LogPluginManager: Loaded Plugin RuntimeTests, From C:/Program Files (x86)/Epic Games/4.14/Engine/Plugins/Tests/RuntimeTests/RuntimeTests.uplugin
LogPluginManager: Loaded Plugin ScreenshotTools, From C:/Program Files (x86)/Epic Games/4.14/Engine/Plugins/Tests/ScreenshotTools/ScreenshotTools.uplugin
LogInit: Using libcurl 7.47.1
LogInit:  - built for x86_64-pc-win32
LogInit:  - supports SSL with OpenSSL/1.0.2g
LogInit:  - supports HTTP deflate (compression) using libz 1.2.8
LogInit:  - other features:
LogInit:      CURL_VERSION_SSL
LogInit:      CURL_VERSION_LIBZ
LogInit:      CURL_VERSION_IPV6
LogInit:      CURL_VERSION_ASYNCHDNS
LogInit:      CURL_VERSION_LARGEFILE
LogInit:      CURL_VERSION_IDN
LogInit:  CurlRequestOptions (configurable via config and command line):
LogInit:  - bVerifyPeer = false  - Libcurl will NOT verify peer certificate
LogInit:  - bUseHttpProxy = false  - Libcurl will NOT use HTTP proxy
LogInit:  - bDontReuseConnections = false  - Libcurl will reuse connections
LogInit:  - CertBundlePath = nullptr  - Libcurl will use whatever was configured at build time.
LogInit: Build: ++UE4+Release-4.14-CL-3224400
LogInit: Engine Version: 4.14.1-3224400+++UE4+Release-4.14
LogInit: Compatible Engine Version: 4.14.0-3195953+++UE4+Release-4.14
LogInit: Net CL: 3195953
LogDevObjectVersion: Number of dev versions registered: 13
LogDevObjectVersion:   Dev-Blueprints (B0D832E4-1F89-4F0D-ACCF-7EB736FD4AA2): 7
LogDevObjectVersion:   Dev-Build (E1C64328-A22C-4D53-A36C-8E866417BD8C): 0
LogDevObjectVersion:   Dev-Core (375EC13C-06E4-48FB-B500-84F0262A717E): 1
LogDevObjectVersion:   Dev-Editor (E4B068ED-F494-42E9-A231-DA0B2E46BB41): 8
LogDevObjectVersion:   Dev-Framework (CFFC743F-43B0-4480-9391-14DF171D2073): 17
LogDevObjectVersion:   Dev-Mobile (B02B49B5-BB20-44E9-A304-32B752E40360): 0
LogDevObjectVersion:   Dev-Networking (A4E4105C-59A1-49B5-A7C5-40C4547EDFEE): 0
LogDevObjectVersion:   Dev-Online (39C831C9-5AE6-47DC-9A44-9C173E1C8E7C): 0
LogDevObjectVersion:   Dev-Physics (78F01B33-EBEA-4F98-B9B4-84EACCB95AA2): 0
LogDevObjectVersion:   Dev-Platform (6631380F-2D4D-43E0-8009-CF276956A95A): 0
LogDevObjectVersion:   Dev-Rendering (12F88B9F-8875-4AFC-A67C-D90C383ABD29): 12
LogDevObjectVersion:   Dev-Sequencer (7B5AE74C-D270-4C10-A958-57980B212A5A): 1
LogDevObjectVersion:   Dev-VR (D7296918-1DD6-4BDD-9DE2-64A83CC13884): 0
LogInit: Compiled (64-bit): Dec  7 2016 02:14:32
LogInit: Compiled with Visual C++: 19.00.23026.00
LogInit: Build Configuration: Development
LogInit: Branch Name: ++UE4+Release-4.14
LogInit: Command line:  
LogInit: Base directory: C:/Program Files (x86)/Epic Games/4.14/Engine/Binaries/Win64/
LogInit: Installed Engine Build: 1
LogInit: Presizing for max 8388607 objects, including 0 objects not considered by GC, pre-allocating 0 bytes for permanent pool.
LogInit: Object subsystem initialized
[2016.12.09-08.45.03:552][  0]LogConsoleManager:Display: Setting the console variable 'r.RHICmdBypass' with 'SetByProjectSetting' was ignored as it is lower priority than the previous 'SetBySystemSettingsIni'
[2016.12.09-08.45.03:563][  0]LogInit: Selected Device Profile: [Windows]
[2016.12.09-08.45.03:563][  0]LogInit: Applying CVar settings loaded from the selected device profile: [Windows]
[2016.12.09-08.45.03:580][  0]LogInit: Computer: DOM-YOGA
[2016.12.09-08.45.03:580][  0]LogInit: User: Dominic
[2016.12.09-08.45.03:580][  0]LogInit: CPU Page size=65536, Cores=2
[2016.12.09-08.45.03:580][  0]LogInit: High frequency timer resolution =2.531251 MHz
[2016.12.09-08.45.03:581][  0]LogMemory: Memory total: Physical=7.9GB (8GB approx)
[2016.12.09-08.45.03:582][  0]LogMemory: Platform Memory Stats for Windows
[2016.12.09-08.45.03:582][  0]LogMemory: Process Physical Memory: 264.46 MB used, 264.46 MB peak
[2016.12.09-08.45.03:582][  0]LogMemory: Process Virtual Memory: 262.43 MB used, 262.43 MB peak
[2016.12.09-08.45.03:582][  0]LogMemory: Physical Memory: 5502.54 MB used,  2595.37 MB free, 8097.91 MB total
[2016.12.09-08.45.03:582][  0]LogMemory: Virtual Memory: 674.70 MB used,  2595.37 MB free, 134217728.00 MB total
[2016.12.09-08.45.03:856][  0]LogTextLocalizationManager: No translations for ('de-CH') exist, falling back to 'en' for localization and internationalization data.
[2016.12.09-08.45.05:329][  0]LogD3D11RHI: D3D11 adapters:
[2016.12.09-08.45.05:339][  0]LogD3D11RHI:    0. 'Intel(R) HD Graphics 520' (Feature Level 11_0)
[2016.12.09-08.45.05:339][  0]LogD3D11RHI:       128/0/4048 MB DedicatedVideo/DedicatedSystem/SharedSystem, Outputs:1, VendorId:0x8086
[2016.12.09-08.45.05:342][  0]LogD3D11RHI:    1. 'Microsoft Basic Render Driver' (Feature Level 11_0)
[2016.12.09-08.45.05:342][  0]LogD3D11RHI:       0/0/4048 MB DedicatedVideo/DedicatedSystem/SharedSystem, Outputs:0, VendorId:0x1414
[2016.12.09-08.45.05:342][  0]LogD3D11RHI: Chosen D3D11 Adapter: 0
[2016.12.09-08.45.05:352][  0]LogD3D11RHI: Creating new Direct3DDevice
[2016.12.09-08.45.05:353][  0]LogD3D11RHI:     GPU DeviceId: 0x1916 (for the marketing name, search the web for "GPU Device Id")
[2016.12.09-08.45.05:353][  0]LogWindows: EnumDisplayDevices:
[2016.12.09-08.45.05:353][  0]LogWindows:    0. 'Intel(R) HD Graphics 520' (P:1 D:1)
[2016.12.09-08.45.05:353][  0]LogWindows:    1. 'Intel(R) HD Graphics 520' (P:0 D:0)
[2016.12.09-08.45.05:354][  0]LogWindows:    2. 'Intel(R) HD Graphics 520' (P:0 D:0)
[2016.12.09-08.45.05:354][  0]LogWindows: DebugString: FoundDriverCount:3 
[2016.12.09-08.45.05:354][  0]LogD3D11RHI:     Adapter Name: Intel(R) HD Graphics 520
[2016.12.09-08.45.05:354][  0]LogD3D11RHI:   Driver Version: 20.19.15.4326 (internal:20.19.15.4326, unified:20.19.15.4326)
[2016.12.09-08.45.05:354][  0]LogD3D11RHI:      Driver Date: 11-18-2015
[2016.12.09-08.45.05:355][  0]LogRHI: Texture pool is 1361 MB (70% of 1945 MB)
[2016.12.09-08.45.05:362][  0]LogD3D11RHI: Async texture creation enabled
[2016.12.09-08.45.05:418][  0]LogD3D11RHI: GPU Timing Frequency: 12.000000 (Debug: 2 0)
[2016.12.09-08.45.05:430][  0]LogShaderCompilers: Guid format shader working directory is -87 characters bigger than the processId version (../../../../../../Users/Dominic/Documents/FHNW/60 Projekte/60.09 - GIT IP5 Navigation im VR Space/navVR/projects/projectweek/VRJumping/Intermediate/Shaders/WorkingDirectory/79420/).
[2016.12.09-08.45.05:430][  0]LogShaderCompilers: Cleaned the shader compiler working directory 'C:/Users/Dominic/AppData/Local/Temp/UnrealShaderWorkingDir/ED5FC5564DF5E9C19051F9AE8CEDB1FB/'.
[2016.12.09-08.45.05:430][  0]LogShaderCompilers:Display: Using Local Shader Compiler.
[2016.12.09-08.45.07:462][  0]LogTemp:Display: Loaded TP AllDesktopTargetPlatform
[2016.12.09-08.45.07:538][  0]LogTemp:Display: Loaded TP MacClientTargetPlatform
[2016.12.09-08.45.07:614][  0]LogTemp:Display: Loaded TP MacNoEditorTargetPlatform
[2016.12.09-08.45.07:702][  0]LogTemp:Display: Loaded TP MacServerTargetPlatform
[2016.12.09-08.45.07:781][  0]LogTemp:Display: Loaded TP MacTargetPlatform
[2016.12.09-08.45.07:861][  0]LogTemp:Display: Loaded TP WindowsClientTargetPlatform
[2016.12.09-08.45.07:958][  0]LogTemp:Display: Loaded TP WindowsNoEditorTargetPlatform
[2016.12.09-08.45.08:048][  0]LogTemp:Display: Loaded TP WindowsServerTargetPlatform
[2016.12.09-08.45.08:129][  0]LogTemp:Display: Loaded TP WindowsTargetPlatform
[2016.12.09-08.45.08:218][  0]LogTemp:Display: Loaded TP AndroidTargetPlatform
[2016.12.09-08.45.08:307][  0]LogTemp:Display: Loaded TP Android_ASTCTargetPlatform
[2016.12.09-08.45.08:386][  0]LogTemp:Display: Loaded TP Android_ATCTargetPlatform
[2016.12.09-08.45.08:468][  0]LogTemp:Display: Loaded TP Android_DXTTargetPlatform
[2016.12.09-08.45.08:548][  0]LogTemp:Display: Loaded TP Android_ETC1TargetPlatform
[2016.12.09-08.45.08:632][  0]LogTemp:Display: Loaded TP Android_ETC2TargetPlatform
[2016.12.09-08.45.08:787][  0]LogTemp:Display: Loaded TP Android_MultiTargetPlatform
[2016.12.09-08.45.08:787][  0]LogTemp:Display: Loaded TP Android_PVRTCTargetPlatform
[2016.12.09-08.45.08:854][  0]LogTemp:Display: Loaded TP HTML5TargetPlatform
[2016.12.09-08.45.08:995][  0]LogTemp:Display: Loaded TP IOSTargetPlatform
[2016.12.09-08.45.09:045][  0]LogTemp:Display: Loaded TP TVOSTargetPlatform
[2016.12.09-08.45.09:129][  0]LogTemp:Display: Loaded TP LinuxClientTargetPlatform
[2016.12.09-08.45.09:205][  0]LogTemp:Display: Loaded TP LinuxNoEditorTargetPlatform
[2016.12.09-08.45.09:280][  0]LogTemp:Display: Loaded TP LinuxServerTargetPlatform
[2016.12.09-08.45.09:374][  0]LogTemp:Display: Loaded TP LinuxTargetPlatform
[2016.12.09-08.45.09:374][  0]LogTargetPlatformManager:Display: Building Assets For Windows
[2016.12.09-08.45.10:185][  0]LogDerivedDataCache:Display: Max Cache Size: 512 MB
[2016.12.09-08.45.10:508][  0]LogDerivedDataCache: Loaded boot cache 0.32s 66MB C:/Users/Dominic/AppData/Local/UnrealEngine/4.14/DerivedDataCache/Boot.ddc.
[2016.12.09-08.45.10:508][  0]LogDerivedDataCache:Display: Loaded Boot cache: C:/Users/Dominic/AppData/Local/UnrealEngine/4.14/DerivedDataCache/Boot.ddc
[2016.12.09-08.45.10:508][  0]LogDerivedDataCache: FDerivedDataBackendGraph:  Pak pak cache file ../../../../../../Users/Dominic/Documents/FHNW/60 Projekte/60.09 - GIT IP5 Navigation im VR Space/navVR/projects/projectweek/VRJumping/DerivedDataCache/DDC.ddp not found, will not use a pak cache.
[2016.12.09-08.45.10:508][  0]LogDerivedDataCache: Unable to find inner node Pak for hierarchical cache Hierarchy.
[2016.12.09-08.45.10:508][  0]LogDerivedDataCache: FDerivedDataBackendGraph:  CompressedPak pak cache file ../../../../../../Users/Dominic/Documents/FHNW/60 Projekte/60.09 - GIT IP5 Navigation im VR Space/navVR/projects/projectweek/VRJumping/DerivedDataCache/Compressed.ddp not found, will not use a pak cache.
[2016.12.09-08.45.10:508][  0]LogDerivedDataCache: Unable to find inner node CompressedPak for hierarchical cache Hierarchy.
[2016.12.09-08.45.10:533][  0]LogDerivedDataCache:Display: Pak cache opened for reading ../../../Engine/DerivedDataCache/Compressed.ddp.
[2016.12.09-08.45.10:546][  0]LogDerivedDataCache: Using Local data cache path C:/Users/Dominic/AppData/Local/UnrealEngine/Common/DerivedDataCache: Writable
[2016.12.09-08.45.11:743][  0]LogInit: Selected Device Profile: [Windows]
[2016.12.09-08.45.11:760][  0]LogContentStreaming: Texture pool size is 0.00 MB
[2016.12.09-08.45.12:215][  0]LogMeshUtilities: Using QuadricMeshReduction for automatic static mesh reduction
[2016.12.09-08.45.12:372][  0]LogSimplygon: Simplygon DLL not present - disabling.
[2016.12.09-08.45.12:447][  0]LogMeshUtilities: Using SimplygonSwarm for distributed automatic mesh merging
[2016.12.09-08.45.12:447][  0]LogMeshUtilities: No automatic skeletal mesh reduction module available
[2016.12.09-08.45.12:447][  0]LogMeshUtilities: No automatic mesh merging module available
[2016.12.09-08.45.13:790][  0]LogNetVersion: GetLocalNetworkVersion: CL: 3195953, ProjectName: vrjumping, ProjectVersion: , EngineNetworkVersion: 2, GameNetworkVersion: 0, NetworkChecksum: 3247325508
[2016.12.09-08.45.13:880][  0]LogAssetRegistry: FAssetRegistry took 0.0324 seconds to start up
[2016.12.09-08.45.13:955][  0]LogPackageLocalizationCache: Processed 3 localized package path(s) for 1 prioritized culture(s) in 0.038349 seconds
[2016.12.09-08.45.13:965][  0]LogUObjectArray: 31946 objects as part of root set at end of initial load.
[2016.12.09-08.45.13:965][  0]LogUObjectAllocator: 6935848 out of 0 bytes used by permanent object pool.
[2016.12.09-08.45.13:965][  0]LogUObjectArray: CloseDisregardForGC: 0/0 objects in disregard for GC pool
[2016.12.09-08.45.14:058][  0]LogInit: WinSock: version 1.1 (2.2), MaxSocks=32767, MaxUdp=65467
[2016.12.09-08.45.15:489][  0]LogSlate: Using Freetype 2.6.0
[2016.12.09-08.45.15:494][  0]LogSlate: SlateFontCache - WITH_FREETYPE: 1, WITH_HARFBUZZ: 1
[2016.12.09-08.45.15:494][  0]LogSlate: SlateFontCache - WITH_FREETYPE: 1, WITH_HARFBUZZ: 1
[2016.12.09-08.45.18:085][  0]LogTcpMessaging: Initializing TcpMessaging bridge
[2016.12.09-08.45.18:161][  0]LogUdpMessaging: Initializing bridge on interface 0.0.0.0:0 to multicast group 230.0.0.1:6666.
[2016.12.09-08.45.18:732][  0]LogMaterial: Uniform references updated for custom material expression Custom.
[2016.12.09-08.45.19:439][  0]SourceControl: Info Source control is disabled
[2016.12.09-08.45.19:523][  0]SourceControl: Info Source control is disabled
[2016.12.09-08.45.19:607][  0]SourceControl: Info Source control is disabled
[2016.12.09-08.45.19:676][  0]SourceControl: Info Source control is disabled
[2016.12.09-08.45.21:779][  0]LogEngine: Initializing Engine...
[2016.12.09-08.45.21:781][  0]LogHMD: Failed to initialize OpenVR with code 110
[2016.12.09-08.45.21:804][  0]LogMaterial: Missing cached shader map for material LevelColorationLitMaterial, compiling. Is special engine material.
[2016.12.09-08.45.22:362][  0]LogMaterial: Missing cached shader map for material LevelColorationUnlitMaterial, compiling. Is special engine material.
[2016.12.09-08.45.22:585][  0]LogMaterial: Missing cached shader map for material MAT_LevelColorationLitLightmapUV, compiling. Is special engine material.
[2016.12.09-08.45.23:253][  0]LogMaterial: Missing cached shader map for material ShadedLevelColorationLitMaterial, compiling. Is special engine material.
[2016.12.09-08.45.23:956][  0]LogMaterial: Missing cached shader map for material ShadedLevelColorationUnlitMateri, compiling. Is special engine material.
[2016.12.09-08.45.24:171][  0]LogMaterial: Missing cached shader map for material VertexColorMaterial, compiling. 
[2016.12.09-08.45.24:228][  0]LogMaterial: Missing cached shader map for material VertexColorViewMode_ColorOnly, compiling. 
[2016.12.09-08.45.24:248][  0]LogMaterial: Missing cached shader map for material VertexColorViewMode_AlphaAsColor, compiling. 
[2016.12.09-08.45.24:268][  0]LogMaterial: Missing cached shader map for material VertexColorViewMode_RedOnly, compiling. 
[2016.12.09-08.45.24:288][  0]LogMaterial: Missing cached shader map for material VertexColorViewMode_GreenOnly, compiling. 
[2016.12.09-08.45.24:308][  0]LogMaterial: Missing cached shader map for material VertexColorViewMode_BlueOnly, compiling. 
[2016.12.09-08.45.24:718][  0]LogAIModule: Creating AISystem for world Untitled
[2016.12.09-08.45.24:747][  0]LogInit: XAudio2 using 'Speakers (Realtek High Definition Audio)' : 2 channels at 48 kHz using 32 bits per sample (channel mask 0x3)
[2016.12.09-08.45.24:781][  0]LogInit: FAudioDevice initialized.
[2016.12.09-08.45.24:835][  0]LogDerivedDataCache: Saved boot cache 0.05s 56MB C:/Users/Dominic/AppData/Local/UnrealEngine/4.14/DerivedDataCache/Boot.ddc.
[2016.12.09-08.45.24:846][  0]LogInit: Texture streaming: Enabled
[2016.12.09-08.45.25:242][  0]LogInit: Transaction tracking system initialized
[2016.12.09-08.45.25:977][  0]BlueprintLog: New page: Editor Load
[2016.12.09-08.45.27:899][  0]LocalizationService: Info Localization service is disabled
[2016.12.09-08.45.29:478][  0]LogConsoleResponse:Display: 
[2016.12.09-08.45.29:551][  0]LogMaterial: Missing cached shader map for material Cross_Mat, compiling. 
[2016.12.09-08.45.29:576][  0]LogMaterial: Missing cached shader map for material PhAT_BoneSelectedMaterial, compiling. 
[2016.12.09-08.45.29:598][  0]LogMaterial: Missing cached shader map for material PhAT_ElemSelectedMaterial, compiling. 
[2016.12.09-08.45.29:616][  0]LogMaterial: Missing cached shader map for material PhAT_NoCollisionMaterial, compiling. 
[2016.12.09-08.45.29:632][  0]LogMaterial: Missing cached shader map for material PhAT_UnselectedMaterial, compiling. 
[2016.12.09-08.45.29:659][  0]LogMaterial: Missing cached shader map for material Tick_Mat, compiling. 
[2016.12.09-08.45.29:688][  0]LogMaterial: Missing cached shader map for material WidgetGridVertexColorMaterial_Ma, compiling. 
[2016.12.09-08.45.29:720][  0]LogMaterial: Missing cached shader map for material WidgetMaterial, compiling. 
[2016.12.09-08.45.29:738][  0]LogMaterial: Missing cached shader map for material WidgetMaterial_Current, compiling. 
[2016.12.09-08.45.29:756][  0]LogMaterial: Missing cached shader map for material WidgetMaterial_X, compiling. 
[2016.12.09-08.45.29:775][  0]LogMaterial: Missing cached shader map for material WidgetMaterial_Y, compiling. 
[2016.12.09-08.45.29:799][  0]LogMaterial: Missing cached shader map for material WidgetMaterial_Z, compiling. 
[2016.12.09-08.45.29:816][  0]LogMaterial: Missing cached shader map for material WidgetVertexColorMaterial, compiling. 
[2016.12.09-08.45.29:884][  0]LogMaterial: Missing cached shader map for material LevelGridMaterial, compiling. 
[2016.12.09-08.45.29:961][  0]LogMaterial: Missing cached shader map for material BlinkingCaret, compiling. 
[2016.12.09-08.45.30:031][  0]LogMaterial: Missing cached shader map for material M_StreamingPause, compiling. 
[2016.12.09-08.45.30:078][  0]LogCook:Display: Max memory allowance for cook 16384mb min free memory 0mb
[2016.12.09-08.45.30:079][  0]LogCook:Display: Mobile HDR setting 1
[2016.12.09-08.45.30:403][  0]LogFileCache: Scanning file cache for directory 'C:/Users/Dominic/Documents/FHNW/60 Projekte/60.09 - GIT IP5 Navigation im VR Space/navVR/projects/projectweek/VRJumping/Content/' took 0.02s
[2016.12.09-08.45.32:391][  0]SourceControl: Info Source control is disabled
[2016.12.09-08.45.32:398][  0]LightingResults: New page: Lighting Build
[2016.12.09-08.45.32:500][  0]MapCheck: New page: Map Check
[2016.12.09-08.45.32:500][  0]LightingResults: New page: Lighting Build
[2016.12.09-08.45.34:126][  0]LogAIModule: Creating AISystem for world MotionControllerMap
[2016.12.09-08.45.34:170][  0]LogEditorServer: Finished looking for orphan Actors (0.000 secs)
[2016.12.09-08.45.34:177][  0]Cmd: MAP CHECKDEP NOCLEARLOG
[2016.12.09-08.45.34:333][  0]MapCheck: Info Map check complete: 0 Error(s), 0 Warning(s), took 155.432ms to complete.
[2016.12.09-08.45.34:333][  0]LogFileHelpers: Loading map 'MotionControllerMap' took 1.941
[2016.12.09-08.45.34:721][  0]LogCollectionManager: Loaded 0 collections in 0.008002 seconds
[2016.12.09-08.45.34:903][  0]LogFileCache: Scanning file cache for directory 'C:/Users/Dominic/Documents/FHNW/60 Projekte/60.09 - GIT IP5 Navigation im VR Space/navVR/projects/projectweek/VRJumping/Saved/Collections/' took 0.02s
[2016.12.09-08.45.34:904][  0]LogFileCache: Scanning file cache for directory 'C:/Users/Dominic/Documents/FHNW/60 Projekte/60.09 - GIT IP5 Navigation im VR Space/navVR/projects/projectweek/VRJumping/Content/Developers/Dominic/Collections/' took 0.01s
[2016.12.09-08.45.34:904][  0]LogFileCache: Scanning file cache for directory 'C:/Users/Dominic/Documents/FHNW/60 Projekte/60.09 - GIT IP5 Navigation im VR Space/navVR/projects/projectweek/VRJumping/Content/Collections/' took 0.01s
[2016.12.09-08.45.34:904][  0]LogCollectionManager: Rebuilt the GUID cache for 0 collections in 0.000006 seconds
[2016.12.09-08.45.34:925][  0]LogContentBrowser: Native class hierarchy populated in 0.0167 seconds. Added 2190 classes and 428 folders.
[2016.12.09-08.45.35:052][  0]LogStats: UGameplayTagsManager::ConstructGameplayTagTree: Construct from data asset -  0.000 s
[2016.12.09-08.45.35:052][  0]LogStats: UGameplayTagsManager::ConstructGameplayTagTree: GameplayTagTreeChangedEvent.Broadcast -  0.000 s
[2016.12.09-08.45.35:055][  0]LogContentBrowser: Native class hierarchy updated for 'GameplayTags' in 0.0010 seconds. Added 13 classes and 0 folders.
[2016.12.09-08.45.35:190][  0]LogContentBrowser: Native class hierarchy updated for 'WidgetCarousel' in 0.0008 seconds. Added 0 classes and 0 folders.
[2016.12.09-08.45.35:568][  0]LogContentBrowser: Native class hierarchy updated for 'AddContentDialog' in 0.0013 seconds. Added 0 classes and 0 folders.
[2016.12.09-08.45.35:719][  0]LogContentBrowser: Native class hierarchy updated for 'SceneOutliner' in 0.0038 seconds. Added 1 classes and 2 folders.
[2016.12.09-08.45.36:062][  0]LogCrashTracker: Crashtracker disabled due to settings.
[2016.12.09-08.45.36:088][  0]LogUObjectGlobals:Warning: Failed to find object 'Class None.'
[2016.12.09-08.45.36:214][  0]LogContentBrowser: Native class hierarchy updated for 'HierarchicalLODOutliner' in 0.0010 seconds. Added 1 classes and 2 folders.
[2016.12.09-08.45.36:216][  0]LogLoad: (Engine Initialization) Total time: 35.02 seconds
[2016.12.09-08.45.36:216][  0]LogLoad: (Engine Initialization) Total Blueprint compile time: 0.61 seconds
[2016.12.09-08.45.36:216][  0]LogExternalProfiler: Found external profiler: VSPerf
[2016.12.09-08.45.36:216][  0]LogExternalProfiler: Using external profiler: VSPerf
[2016.12.09-08.45.36:559][  0]LogOcInput: OculusInput pre-init called
[2016.12.09-08.45.36:607][  0]LogContentStreaming: Texture pool size now 1000 MB
[2016.12.09-08.45.36:802][  0]LogMaterial: Missing cached shader map for material LevelGridMaterial2, compiling. 
[2016.12.09-08.45.37:051][  0]LogRenderer: Reallocating scene render targets to support 748x372 NumSamples 1 (Frame:2).
[2016.12.09-08.45.39:400][  4]LogAssetRegistry: Asset discovery search completed in 25.5496 seconds
[2016.12.09-08.45.39:400][  4]LogCollectionManager: Rebuilt the object cache for 0 collections in 0.000001 seconds (found 0 objects)
[2016.12.09-08.45.39:400][  4]LogCollectionManager: Fixed up redirectors for 0 collections in 0.000024 seconds (updated 0 objects)
[2016.12.09-08.55.25:689][930]LogContentBrowser: Native class hierarchy updated for 'BlueprintGraph' in 0.0017 seconds. Added 111 classes and 0 folders.
[2016.12.09-08.55.25:897][930]LogBlueprintSupport:Warning: Editor config [EditoronlyBP] settings are DEPRECATED. You're not explicitly setting any, but they've been defaulting to off. If you are relying on this functionality, then please fix it up so your Blueprints don't break in a future release.
[2016.12.09-08.55.26:740][930]LogMaterial: Missing cached shader map for material GridMaterial, compiling. 
[2016.12.09-08.55.26:794][930]LogMaterial: Missing cached shader map for material PersonaFloorMat, compiling. 
[2016.12.09-09.01.16:802][140]LogRenderer: Reallocating scene render targets to support 808x464 NumSamples 1 (Frame:1844).
[2016.12.09-09.05.42:764][303]BlueprintLog: New page: Compile HMDLocomotionPawn
[2016.12.09-09.05.51:613][421]LogSlate: Only BGRA pngs, bmps or icos are supported in by External Image Picker
[2016.12.09-09.05.51:731][421]LogTemp:Display: Executing iPhonePackager certificates Engine -bundlename com.YourCompany.VRJumping

[2016.12.09-09.05.51:731][421]LogTemp:Display: CWD: C:\Program Files (x86)\Epic Games\4.14\Engine\Binaries\DotNet\IOS

[2016.12.09-09.05.51:731][421]LogTemp:Display: Initial Dir: C:\Program Files (x86)\Epic Games\4.14

[2016.12.09-09.05.51:731][421]LogTemp:Display: Env CWD: C:\Program Files (x86)\Epic Games\4.14\Engine\Binaries\DotNet\IOS

[2016.12.09-09.05.51:780][423]LogTemp:Display: BranchPath = DOM-YOGA/C/Program Files (x86)/Epic Games/4.14/Engine/Binaries --- GameBranchPath = DOM-YOGA/C/Program Files (x86)/Epic Games/4.14/Engine/Binaries

[2016.12.09-09.05.51:930][426]LogTemp:Display: IPP ERROR: Application exception: System.IO.DirectoryNotFoundException: Ein Teil des Pfades "C:\Users\Dominic\AppData\Local\Apple Computer\MobileDevice\Provisioning Profiles" konnte nicht gefunden werden.

[2016.12.09-09.05.51:930][426]LogTemp:Display:    bei System.IO.__Error.WinIOError(Int32 errorCode, String maybeFullPath)

[2016.12.09-09.05.51:930][426]LogTemp:Display:    bei System.IO.FileSystemEnumerableIterator`1.CommonInit()

[2016.12.09-09.05.51:931][426]LogTemp:Display:    bei System.IO.Directory.EnumerateFiles(String path, String searchPattern)

[2016.12.09-09.05.51:931][426]LogTemp:Display:    bei iPhonePackager.CodeSignatureBuilder.FindProvisions(String CFBundleIdentifier)

[2016.12.09-09.05.51:931][426]LogTemp:Display:    bei iPhonePackager.Program.Main(String[] args)

[2016.12.09-09.07.22:339][935]LogAIModule: Creating AISystem for world HMDLocomotionMap
[2016.12.09-09.07.22:410][935]LightingResults: New page: Lighting Build
[2016.12.09-09.07.22:412][935]LoadErrors: New page: Loading map: HMDLocomotionMap.umap
[2016.12.09-09.07.22:418][935]MapCheck: New page: Map Check
[2016.12.09-09.07.22:418][935]LightingResults: New page: Lighting Build
[2016.12.09-09.07.22:576][935]LogEditorServer: Finished looking for orphan Actors (0.000 secs)
[2016.12.09-09.07.22:607][935]Cmd: MAP CHECKDEP NOCLEARLOG
[2016.12.09-09.07.22:768][935]MapCheck: Info Map check complete: 0 Error(s), 0 Warning(s), took 161.391ms to complete.
[2016.12.09-09.07.22:768][935]LogFileHelpers: Loading map 'HMDLocomotionMap' took 0.363
[2016.12.09-09.11.12:631][772]BlueprintLog: New page: Compile MotionControllerPawn
[2016.12.09-09.17.22:443][914]LogFileHelpers: Editor autosave (incl. sublevels) for '/Game/VirtualRealityBP/Maps/HMDLocomotionMap' took 0.064
[2016.12.09-09.17.22:449][914]OBJ SavePackage: Generating thumbnails for [0] asset(s) in package [/Game/VirtualRealityBP/Blueprints/MotionControllerPawn] ([1] browsable assets)...
[2016.12.09-09.17.22:449][914]OBJ SavePackage: Finished generating thumbnails for package [/Game/VirtualRealityBP/Blueprints/MotionControllerPawn]
[2016.12.09-09.17.22:595][914]LogSavePackage: Save=124.45ms
[2016.12.09-09.17.22:596][914]LogSavePackage: Moving '../../../../../../Users/Dominic/Documents/FHNW/60 Projekte/60.09 - GIT IP5 Navigation im VR Space/navVR/projects/projectweek/VRJumping/Saved/MotionControllerPawn_Auto11CC209914132D20340C4D2A5B32CF9C4.tmp' to '../../../../../../Users/Dominic/Documents/FHNW/60 Projekte/60.09 - GIT IP5 Navigation im VR Space/navVR/projects/projectweek/VRJumping/Saved/Autosaves/Game/VirtualRealityBP/Blueprints/MotionControllerPawn_Auto1.uasset'
[2016.12.09-09.17.22:605][914]LogSavePackage:Display: Finished SavePackage ../../../../../../Users/Dominic/Documents/FHNW/60 Projekte/60.09 - GIT IP5 Navigation im VR Space/navVR/projects/projectweek/VRJumping/Saved/Autosaves/Game/VirtualRealityBP/Blueprints/MotionControllerPawn_Auto1.uasset
[2016.12.09-09.17.22:605][914]LogFileHelpers: Auto-saving content packages took 0.161
[2016.12.09-09.43.05:010][333]BlueprintLog: New page: Compile MotionControllerPawn
[2016.12.09-09.43.06:706][438]LogSavePackage: Save=144.44ms
[2016.12.09-09.43.06:706][438]LogSavePackage: Moving '../../../../../../Users/Dominic/Documents/FHNW/60 Projekte/60.09 - GIT IP5 Navigation im VR Space/navVR/projects/projectweek/VRJumping/Saved/MotionControllerPawn8D60FC57485159863C4019A99B7EACF8.tmp' to '../../../../../../Users/Dominic/Documents/FHNW/60 Projekte/60.09 - GIT IP5 Navigation im VR Space/navVR/projects/projectweek/VRJumping/Content/VirtualRealityBP/Blueprints/MotionControllerPawn.uasset'
[2016.12.09-09.43.06:718][438]LogSavePackage:Display: Finished SavePackage ../../../../../../Users/Dominic/Documents/FHNW/60 Projekte/60.09 - GIT IP5 Navigation im VR Space/navVR/projects/projectweek/VRJumping/Content/VirtualRealityBP/Blueprints/MotionControllerPawn.uasset
[2016.12.09-09.45.26:771][126]LogEditorTransaction: Undo Change Parameter Type
[2016.12.09-09.45.26:817][126]LogClass:Warning: Type mismatch in InitialHMDPosition of SKEL_MotionControllerPawn_C - Previous (StructProperty) Current(FloatProperty) for package:  FObjectReader
[2016.12.09-09.48.51:541][745]LogSavePackage: Save=110.52ms
[2016.12.09-09.48.51:541][745]LogSavePackage: Moving '../../../../../../Users/Dominic/Documents/FHNW/60 Projekte/60.09 - GIT IP5 Navigation im VR Space/navVR/projects/projectweek/VRJumping/Saved/MotionControllerPawn915E5AC240EF3C698B08A48F593FF0FD.tmp' to '../../../../../../Users/Dominic/Documents/FHNW/60 Projekte/60.09 - GIT IP5 Navigation im VR Space/navVR/projects/projectweek/VRJumping/Content/VirtualRealityBP/Blueprints/MotionControllerPawn.uasset'
[2016.12.09-09.48.51:566][745]LogSavePackage:Display: Finished SavePackage ../../../../../../Users/Dominic/Documents/FHNW/60 Projekte/60.09 - GIT IP5 Navigation im VR Space/navVR/projects/projectweek/VRJumping/Content/VirtualRealityBP/Blueprints/MotionControllerPawn.uasset
[2016.12.09-09.48.53:778][964]BlueprintLog: New page: Compile MotionControllerPawn
[2016.12.09-09.48.56:422][182]LogSavePackage: Save=130.84ms
[2016.12.09-09.48.56:422][182]LogSavePackage: Moving '../../../../../../Users/Dominic/Documents/FHNW/60 Projekte/60.09 - GIT IP5 Navigation im VR Space/navVR/projects/projectweek/VRJumping/Saved/MotionControllerPawnD4FEC26343C30A8E68EA17B155247636.tmp' to '../../../../../../Users/Dominic/Documents/FHNW/60 Projekte/60.09 - GIT IP5 Navigation im VR Space/navVR/projects/projectweek/VRJumping/Content/VirtualRealityBP/Blueprints/MotionControllerPawn.uasset'
